[2025-10-23T17:03:01.933+0000] {local_task_job_runner.py:123} INFO - ::group::Pre task execution logs
[2025-10-23T17:03:01.984+0000] {taskinstance.py:2613} INFO - Dependencies all met for dep_context=non-requeueable deps ti=<TaskInstance: example_bash_operator.this_will_skip scheduled__2025-10-22T00:00:00+00:00 [queued]>
[2025-10-23T17:03:02.019+0000] {taskinstance.py:2613} INFO - Dependencies all met for dep_context=requeueable deps ti=<TaskInstance: example_bash_operator.this_will_skip scheduled__2025-10-22T00:00:00+00:00 [queued]>
[2025-10-23T17:03:02.028+0000] {taskinstance.py:2866} INFO - Starting attempt 1 of 1
[2025-10-23T17:03:02.123+0000] {taskinstance.py:2889} INFO - Executing <Task(BashOperator): this_will_skip> on 2025-10-22 00:00:00+00:00
[2025-10-23T17:03:02.154+0000] {warnings.py:112} WARNING - /home/***/.local/lib/python3.12/site-packages/***/task/task_runner/standard_task_runner.py:70: DeprecationWarning: This process (pid=357) is multi-threaded, use of fork() may lead to deadlocks in the child.
  pid = os.fork()

[2025-10-23T17:03:02.161+0000] {standard_task_runner.py:104} INFO - Running: ['***', 'tasks', 'run', 'example_bash_operator', 'this_will_skip', 'scheduled__2025-10-22T00:00:00+00:00', '--job-id', '8', '--raw', '--subdir', '/home/***/.local/lib/python3.12/site-packages/***/example_dags/example_bash_operator.py', '--cfg-path', '/tmp/tmpbtdw2goi']
[2025-10-23T17:03:02.163+0000] {standard_task_runner.py:72} INFO - Started process 379 to run task
[2025-10-23T17:03:02.168+0000] {standard_task_runner.py:105} INFO - Job 8: Subtask this_will_skip
[2025-10-23T17:03:02.553+0000] {task_command.py:467} INFO - Running <TaskInstance: example_bash_operator.this_will_skip scheduled__2025-10-22T00:00:00+00:00 [running]> on host a6a877a19e9a
[2025-10-23T17:03:03.109+0000] {taskinstance.py:3132} INFO - Exporting env vars: AIRFLOW_CTX_DAG_OWNER='***' AIRFLOW_CTX_DAG_ID='example_bash_operator' AIRFLOW_CTX_TASK_ID='this_will_skip' AIRFLOW_CTX_EXECUTION_DATE='2025-10-22T00:00:00+00:00' AIRFLOW_CTX_TRY_NUMBER='1' AIRFLOW_CTX_DAG_RUN_ID='scheduled__2025-10-22T00:00:00+00:00'
[2025-10-23T17:03:03.146+0000] {logging_mixin.py:190} INFO - Task instance is in running state
[2025-10-23T17:03:03.150+0000] {logging_mixin.py:190} INFO -  Previous state of the Task instance: queued
[2025-10-23T17:03:03.151+0000] {logging_mixin.py:190} INFO - Current task name:this_will_skip state:running start_date:2025-10-23 17:03:01.986112+00:00
[2025-10-23T17:03:03.152+0000] {logging_mixin.py:190} INFO - Dag name:example_bash_operator and current dag run status:running
[2025-10-23T17:03:03.153+0000] {taskinstance.py:731} INFO - ::endgroup::
[2025-10-23T17:03:03.162+0000] {subprocess.py:78} INFO - Tmp dir root location: /tmp
[2025-10-23T17:03:03.168+0000] {subprocess.py:88} INFO - Running command: ['/usr/bin/bash', '-c', 'echo "hello world"; exit 99;']
[2025-10-23T17:03:03.252+0000] {subprocess.py:99} INFO - Output:
[2025-10-23T17:03:03.263+0000] {subprocess.py:106} INFO - hello world
[2025-10-23T17:03:03.265+0000] {subprocess.py:110} INFO - Command exited with return code 99
[2025-10-23T17:03:03.268+0000] {taskinstance.py:301} INFO - Bash command returned exit code 99. Skipping.
[2025-10-23T17:03:03.327+0000] {taskinstance.py:340} INFO - ::group::Post task execution logs
[2025-10-23T17:03:03.328+0000] {taskinstance.py:352} INFO - Marking task as SKIPPED. dag_id=example_bash_operator, task_id=this_will_skip, run_id=scheduled__2025-10-22T00:00:00+00:00, execution_date=20251022T000000, start_date=20251023T170301, end_date=20251023T170303
[2025-10-23T17:03:03.396+0000] {local_task_job_runner.py:266} INFO - Task exited with return code 0
[2025-10-23T17:03:03.436+0000] {taskinstance.py:3895} INFO - 0 downstream tasks scheduled from follow-on schedule check
[2025-10-23T17:03:03.444+0000] {local_task_job_runner.py:245} INFO - ::endgroup::
