[2025-10-23T17:03:01.922+0000] {local_task_job_runner.py:123} INFO - ::group::Pre task execution logs
[2025-10-23T17:03:01.959+0000] {taskinstance.py:2613} INFO - Dependencies all met for dep_context=non-requeueable deps ti=<TaskInstance: example_bash_operator.runme_0 scheduled__2025-10-22T00:00:00+00:00 [queued]>
[2025-10-23T17:03:01.983+0000] {taskinstance.py:2613} INFO - Dependencies all met for dep_context=requeueable deps ti=<TaskInstance: example_bash_operator.runme_0 scheduled__2025-10-22T00:00:00+00:00 [queued]>
[2025-10-23T17:03:01.986+0000] {taskinstance.py:2866} INFO - Starting attempt 1 of 1
[2025-10-23T17:03:02.054+0000] {taskinstance.py:2889} INFO - Executing <Task(BashOperator): runme_0> on 2025-10-22 00:00:00+00:00
[2025-10-23T17:03:02.101+0000] {warnings.py:112} WARNING - /home/***/.local/lib/python3.12/site-packages/***/task/task_runner/standard_task_runner.py:70: DeprecationWarning: This process (pid=359) is multi-threaded, use of fork() may lead to deadlocks in the child.
  pid = os.fork()

[2025-10-23T17:03:02.107+0000] {standard_task_runner.py:72} INFO - Started process 372 to run task
[2025-10-23T17:03:02.104+0000] {standard_task_runner.py:104} INFO - Running: ['***', 'tasks', 'run', 'example_bash_operator', 'runme_0', 'scheduled__2025-10-22T00:00:00+00:00', '--job-id', '7', '--raw', '--subdir', '/home/***/.local/lib/python3.12/site-packages/***/example_dags/example_bash_operator.py', '--cfg-path', '/tmp/tmp7dj1l3no']
[2025-10-23T17:03:02.118+0000] {standard_task_runner.py:105} INFO - Job 7: Subtask runme_0
[2025-10-23T17:03:02.448+0000] {task_command.py:467} INFO - Running <TaskInstance: example_bash_operator.runme_0 scheduled__2025-10-22T00:00:00+00:00 [running]> on host a6a877a19e9a
[2025-10-23T17:03:02.982+0000] {taskinstance.py:3132} INFO - Exporting env vars: AIRFLOW_CTX_DAG_OWNER='***' AIRFLOW_CTX_DAG_ID='example_bash_operator' AIRFLOW_CTX_TASK_ID='runme_0' AIRFLOW_CTX_EXECUTION_DATE='2025-10-22T00:00:00+00:00' AIRFLOW_CTX_TRY_NUMBER='1' AIRFLOW_CTX_DAG_RUN_ID='scheduled__2025-10-22T00:00:00+00:00'
[2025-10-23T17:03:02.994+0000] {logging_mixin.py:190} INFO - Task instance is in running state
[2025-10-23T17:03:03.002+0000] {logging_mixin.py:190} INFO -  Previous state of the Task instance: queued
[2025-10-23T17:03:03.016+0000] {logging_mixin.py:190} INFO - Current task name:runme_0 state:running start_date:2025-10-23 17:03:01.962476+00:00
[2025-10-23T17:03:03.018+0000] {logging_mixin.py:190} INFO - Dag name:example_bash_operator and current dag run status:running
[2025-10-23T17:03:03.020+0000] {taskinstance.py:731} INFO - ::endgroup::
[2025-10-23T17:03:03.045+0000] {subprocess.py:78} INFO - Tmp dir root location: /tmp
[2025-10-23T17:03:03.065+0000] {subprocess.py:88} INFO - Running command: ['/usr/bin/bash', '-c', 'echo "example_bash_operator__runme_0__20251022" && sleep 1']
[2025-10-23T17:03:03.127+0000] {subprocess.py:99} INFO - Output:
[2025-10-23T17:03:03.187+0000] {subprocess.py:106} INFO - example_bash_operator__runme_0__20251022
[2025-10-23T17:03:04.209+0000] {subprocess.py:110} INFO - Command exited with return code 0
[2025-10-23T17:03:04.252+0000] {taskinstance.py:340} INFO - ::group::Post task execution logs
[2025-10-23T17:03:04.253+0000] {taskinstance.py:352} INFO - Marking task as SUCCESS. dag_id=example_bash_operator, task_id=runme_0, run_id=scheduled__2025-10-22T00:00:00+00:00, execution_date=20251022T000000, start_date=20251023T170301, end_date=20251023T170304
[2025-10-23T17:03:04.270+0000] {logging_mixin.py:190} INFO - Task instance in success state
[2025-10-23T17:03:04.272+0000] {logging_mixin.py:190} INFO -  Previous state of the Task instance: running
[2025-10-23T17:03:04.276+0000] {logging_mixin.py:190} INFO - Dag name:example_bash_operator queued_at:2025-10-23 17:02:38.547837+00:00
[2025-10-23T17:03:04.277+0000] {logging_mixin.py:190} INFO - Task hostname:a6a877a19e9a operator:BashOperator
[2025-10-23T17:03:04.316+0000] {local_task_job_runner.py:266} INFO - Task exited with return code 0
[2025-10-23T17:03:04.348+0000] {taskinstance.py:3895} INFO - 0 downstream tasks scheduled from follow-on schedule check
[2025-10-23T17:03:04.352+0000] {local_task_job_runner.py:245} INFO - ::endgroup::
