[2025-10-23T17:03:01.932+0000] {local_task_job_runner.py:123} INFO - ::group::Pre task execution logs
[2025-10-23T17:03:01.983+0000] {taskinstance.py:2613} INFO - Dependencies all met for dep_context=non-requeueable deps ti=<TaskInstance: example_bash_operator.runme_2 scheduled__2025-10-22T00:00:00+00:00 [queued]>
[2025-10-23T17:03:02.007+0000] {taskinstance.py:2613} INFO - Dependencies all met for dep_context=requeueable deps ti=<TaskInstance: example_bash_operator.runme_2 scheduled__2025-10-22T00:00:00+00:00 [queued]>
[2025-10-23T17:03:02.010+0000] {taskinstance.py:2866} INFO - Starting attempt 1 of 1
[2025-10-23T17:03:02.071+0000] {taskinstance.py:2889} INFO - Executing <Task(BashOperator): runme_2> on 2025-10-22 00:00:00+00:00
[2025-10-23T17:03:02.102+0000] {warnings.py:112} WARNING - /home/***/.local/lib/python3.12/site-packages/***/task/task_runner/standard_task_runner.py:70: DeprecationWarning: This process (pid=356) is multi-threaded, use of fork() may lead to deadlocks in the child.
  pid = os.fork()

[2025-10-23T17:03:02.107+0000] {standard_task_runner.py:72} INFO - Started process 373 to run task
[2025-10-23T17:03:02.114+0000] {standard_task_runner.py:104} INFO - Running: ['***', 'tasks', 'run', 'example_bash_operator', 'runme_2', 'scheduled__2025-10-22T00:00:00+00:00', '--job-id', '9', '--raw', '--subdir', '/home/***/.local/lib/python3.12/site-packages/***/example_dags/example_bash_operator.py', '--cfg-path', '/tmp/tmpunqhxcd0']
[2025-10-23T17:03:02.117+0000] {standard_task_runner.py:105} INFO - Job 9: Subtask runme_2
[2025-10-23T17:03:02.485+0000] {task_command.py:467} INFO - Running <TaskInstance: example_bash_operator.runme_2 scheduled__2025-10-22T00:00:00+00:00 [running]> on host a6a877a19e9a
[2025-10-23T17:03:02.945+0000] {taskinstance.py:3132} INFO - Exporting env vars: AIRFLOW_CTX_DAG_OWNER='***' AIRFLOW_CTX_DAG_ID='example_bash_operator' AIRFLOW_CTX_TASK_ID='runme_2' AIRFLOW_CTX_EXECUTION_DATE='2025-10-22T00:00:00+00:00' AIRFLOW_CTX_TRY_NUMBER='1' AIRFLOW_CTX_DAG_RUN_ID='scheduled__2025-10-22T00:00:00+00:00'
[2025-10-23T17:03:02.955+0000] {logging_mixin.py:190} INFO - Task instance is in running state
[2025-10-23T17:03:02.958+0000] {logging_mixin.py:190} INFO -  Previous state of the Task instance: queued
[2025-10-23T17:03:02.967+0000] {logging_mixin.py:190} INFO - Current task name:runme_2 state:running start_date:2025-10-23 17:03:01.985213+00:00
[2025-10-23T17:03:03.002+0000] {logging_mixin.py:190} INFO - Dag name:example_bash_operator and current dag run status:running
[2025-10-23T17:03:03.012+0000] {taskinstance.py:731} INFO - ::endgroup::
[2025-10-23T17:03:03.048+0000] {subprocess.py:78} INFO - Tmp dir root location: /tmp
[2025-10-23T17:03:03.067+0000] {subprocess.py:88} INFO - Running command: ['/usr/bin/bash', '-c', 'echo "example_bash_operator__runme_2__20251022" && sleep 1']
[2025-10-23T17:03:03.188+0000] {subprocess.py:99} INFO - Output:
[2025-10-23T17:03:03.205+0000] {subprocess.py:106} INFO - example_bash_operator__runme_2__20251022
[2025-10-23T17:03:04.221+0000] {subprocess.py:110} INFO - Command exited with return code 0
[2025-10-23T17:03:04.263+0000] {taskinstance.py:340} INFO - ::group::Post task execution logs
[2025-10-23T17:03:04.264+0000] {taskinstance.py:352} INFO - Marking task as SUCCESS. dag_id=example_bash_operator, task_id=runme_2, run_id=scheduled__2025-10-22T00:00:00+00:00, execution_date=20251022T000000, start_date=20251023T170301, end_date=20251023T170304
[2025-10-23T17:03:04.281+0000] {logging_mixin.py:190} INFO - Task instance in success state
[2025-10-23T17:03:04.282+0000] {logging_mixin.py:190} INFO -  Previous state of the Task instance: running
[2025-10-23T17:03:04.283+0000] {logging_mixin.py:190} INFO - Dag name:example_bash_operator queued_at:2025-10-23 17:02:38.547837+00:00
[2025-10-23T17:03:04.283+0000] {logging_mixin.py:190} INFO - Task hostname:a6a877a19e9a operator:BashOperator
[2025-10-23T17:03:04.333+0000] {local_task_job_runner.py:266} INFO - Task exited with return code 0
[2025-10-23T17:03:04.348+0000] {local_task_job_runner.py:245} INFO - ::endgroup::
