[2025-10-23T17:03:01.365+0000] {local_task_job_runner.py:123} INFO - ::group::Pre task execution logs
[2025-10-23T17:03:01.985+0000] {taskinstance.py:2613} INFO - Dependencies all met for dep_context=non-requeueable deps ti=<TaskInstance: example_bash_operator.runme_1 scheduled__2025-10-22T00:00:00+00:00 [queued]>
[2025-10-23T17:03:02.019+0000] {taskinstance.py:2613} INFO - Dependencies all met for dep_context=requeueable deps ti=<TaskInstance: example_bash_operator.runme_1 scheduled__2025-10-22T00:00:00+00:00 [queued]>
[2025-10-23T17:03:02.022+0000] {taskinstance.py:2866} INFO - Starting attempt 1 of 1
[2025-10-23T17:03:02.094+0000] {taskinstance.py:2889} INFO - Executing <Task(BashOperator): runme_1> on 2025-10-22 00:00:00+00:00
[2025-10-23T17:03:02.138+0000] {warnings.py:112} WARNING - /home/***/.local/lib/python3.12/site-packages/***/task/task_runner/standard_task_runner.py:70: DeprecationWarning: This process (pid=360) is multi-threaded, use of fork() may lead to deadlocks in the child.
  pid = os.fork()

[2025-10-23T17:03:02.144+0000] {standard_task_runner.py:72} INFO - Started process 376 to run task
[2025-10-23T17:03:02.146+0000] {standard_task_runner.py:104} INFO - Running: ['***', 'tasks', 'run', 'example_bash_operator', 'runme_1', 'scheduled__2025-10-22T00:00:00+00:00', '--job-id', '5', '--raw', '--subdir', '/home/***/.local/lib/python3.12/site-packages/***/example_dags/example_bash_operator.py', '--cfg-path', '/tmp/tmpjaiy6ydg']
[2025-10-23T17:03:02.163+0000] {standard_task_runner.py:105} INFO - Job 5: Subtask runme_1
[2025-10-23T17:03:02.577+0000] {task_command.py:467} INFO - Running <TaskInstance: example_bash_operator.runme_1 scheduled__2025-10-22T00:00:00+00:00 [running]> on host a6a877a19e9a
[2025-10-23T17:03:03.171+0000] {taskinstance.py:3132} INFO - Exporting env vars: AIRFLOW_CTX_DAG_OWNER='***' AIRFLOW_CTX_DAG_ID='example_bash_operator' AIRFLOW_CTX_TASK_ID='runme_1' AIRFLOW_CTX_EXECUTION_DATE='2025-10-22T00:00:00+00:00' AIRFLOW_CTX_TRY_NUMBER='1' AIRFLOW_CTX_DAG_RUN_ID='scheduled__2025-10-22T00:00:00+00:00'
[2025-10-23T17:03:03.193+0000] {logging_mixin.py:190} INFO - Task instance is in running state
[2025-10-23T17:03:03.235+0000] {logging_mixin.py:190} INFO -  Previous state of the Task instance: queued
[2025-10-23T17:03:03.248+0000] {logging_mixin.py:190} INFO - Current task name:runme_1 state:running start_date:2025-10-23 17:03:01.986872+00:00
[2025-10-23T17:03:03.255+0000] {logging_mixin.py:190} INFO - Dag name:example_bash_operator and current dag run status:running
[2025-10-23T17:03:03.257+0000] {taskinstance.py:731} INFO - ::endgroup::
[2025-10-23T17:03:03.261+0000] {subprocess.py:78} INFO - Tmp dir root location: /tmp
[2025-10-23T17:03:03.264+0000] {subprocess.py:88} INFO - Running command: ['/usr/bin/bash', '-c', 'echo "example_bash_operator__runme_1__20251022" && sleep 1']
[2025-10-23T17:03:03.322+0000] {subprocess.py:99} INFO - Output:
[2025-10-23T17:03:03.325+0000] {subprocess.py:106} INFO - example_bash_operator__runme_1__20251022
[2025-10-23T17:03:04.329+0000] {subprocess.py:110} INFO - Command exited with return code 0
[2025-10-23T17:03:04.368+0000] {taskinstance.py:340} INFO - ::group::Post task execution logs
[2025-10-23T17:03:04.370+0000] {taskinstance.py:352} INFO - Marking task as SUCCESS. dag_id=example_bash_operator, task_id=runme_1, run_id=scheduled__2025-10-22T00:00:00+00:00, execution_date=20251022T000000, start_date=20251023T170301, end_date=20251023T170304
[2025-10-23T17:03:04.401+0000] {logging_mixin.py:190} INFO - Task instance in success state
[2025-10-23T17:03:04.410+0000] {logging_mixin.py:190} INFO -  Previous state of the Task instance: running
[2025-10-23T17:03:04.411+0000] {logging_mixin.py:190} INFO - Dag name:example_bash_operator queued_at:2025-10-23 17:02:38.547837+00:00
[2025-10-23T17:03:04.412+0000] {logging_mixin.py:190} INFO - Task hostname:a6a877a19e9a operator:BashOperator
[2025-10-23T17:03:04.502+0000] {local_task_job_runner.py:266} INFO - Task exited with return code 0
[2025-10-23T17:03:04.544+0000] {taskinstance.py:3895} INFO - 1 downstream tasks scheduled from follow-on schedule check
[2025-10-23T17:03:04.547+0000] {local_task_job_runner.py:245} INFO - ::endgroup::
