[2025-10-23T20:44:28.539+0000] {local_task_job_runner.py:123} INFO - ::group::Pre task execution logs
[2025-10-23T20:44:28.570+0000] {taskinstance.py:2613} INFO - Dependencies all met for dep_context=non-requeueable deps ti=<TaskInstance: dag_with_taskflow_api_v1.greet manual__2025-10-23T20:44:23.995612+00:00 [queued]>
[2025-10-23T20:44:28.583+0000] {taskinstance.py:2613} INFO - Dependencies all met for dep_context=requeueable deps ti=<TaskInstance: dag_with_taskflow_api_v1.greet manual__2025-10-23T20:44:23.995612+00:00 [queued]>
[2025-10-23T20:44:28.587+0000] {taskinstance.py:2866} INFO - Starting attempt 1 of 6
[2025-10-23T20:44:28.618+0000] {taskinstance.py:2889} INFO - Executing <Task(_PythonDecoratedOperator): greet> on 2025-10-23 20:44:23.995612+00:00
[2025-10-23T20:44:28.627+0000] {warnings.py:112} WARNING - /home/***/.local/lib/python3.12/site-packages/***/task/task_runner/standard_task_runner.py:70: DeprecationWarning: This process (pid=2206) is multi-threaded, use of fork() may lead to deadlocks in the child.
  pid = os.fork()

[2025-10-23T20:44:28.629+0000] {standard_task_runner.py:72} INFO - Started process 2207 to run task
[2025-10-23T20:44:28.630+0000] {standard_task_runner.py:104} INFO - Running: ['***', 'tasks', 'run', 'dag_with_taskflow_api_v1', 'greet', 'manual__2025-10-23T20:44:23.995612+00:00', '--job-id', '38', '--raw', '--subdir', 'DAGS_FOLDER/dag_with_taskflow_api.py', '--cfg-path', '/tmp/tmp3c3g044s']
[2025-10-23T20:44:28.632+0000] {standard_task_runner.py:105} INFO - Job 38: Subtask greet
[2025-10-23T20:44:28.729+0000] {task_command.py:467} INFO - Running <TaskInstance: dag_with_taskflow_api_v1.greet manual__2025-10-23T20:44:23.995612+00:00 [running]> on host c65f76f8d89c
[2025-10-23T20:44:28.865+0000] {taskinstance.py:3132} INFO - Exporting env vars: AIRFLOW_CTX_DAG_OWNER='data_engineer' AIRFLOW_CTX_DAG_ID='dag_with_taskflow_api_v1' AIRFLOW_CTX_TASK_ID='greet' AIRFLOW_CTX_EXECUTION_DATE='2025-10-23T20:44:23.995612+00:00' AIRFLOW_CTX_TRY_NUMBER='1' AIRFLOW_CTX_DAG_RUN_ID='manual__2025-10-23T20:44:23.995612+00:00'
[2025-10-23T20:44:28.866+0000] {taskinstance.py:731} INFO - ::endgroup::
[2025-10-23T20:44:28.871+0000] {logging_mixin.py:190} INFO - Hello World! My name is Jerry and I am 22 years old!
[2025-10-23T20:44:28.872+0000] {python.py:240} INFO - Done. Returned value was: None
[2025-10-23T20:44:28.886+0000] {taskinstance.py:340} INFO - ::group::Post task execution logs
[2025-10-23T20:44:28.887+0000] {taskinstance.py:352} INFO - Marking task as SUCCESS. dag_id=dag_with_taskflow_api_v1, task_id=greet, run_id=manual__2025-10-23T20:44:23.995612+00:00, execution_date=20251023T204423, start_date=20251023T204428, end_date=20251023T204428
[2025-10-23T20:44:28.926+0000] {local_task_job_runner.py:266} INFO - Task exited with return code 0
[2025-10-23T20:44:28.951+0000] {taskinstance.py:3895} INFO - 0 downstream tasks scheduled from follow-on schedule check
[2025-10-23T20:44:28.957+0000] {local_task_job_runner.py:245} INFO - ::endgroup::
