[2025-10-23T19:15:31.690+0000] {local_task_job_runner.py:123} INFO - ::group::Pre task execution logs
[2025-10-23T19:15:31.708+0000] {taskinstance.py:2613} INFO - Dependencies all met for dep_context=non-requeueable deps ti=<TaskInstance: our_dag_with_python_operator_v02.greet manual__2025-10-23T19:15:30.624208+00:00 [queued]>
[2025-10-23T19:15:31.720+0000] {taskinstance.py:2613} INFO - Dependencies all met for dep_context=requeueable deps ti=<TaskInstance: our_dag_with_python_operator_v02.greet manual__2025-10-23T19:15:30.624208+00:00 [queued]>
[2025-10-23T19:15:31.721+0000] {taskinstance.py:2866} INFO - Starting attempt 1 of 6
[2025-10-23T19:15:31.738+0000] {taskinstance.py:2889} INFO - Executing <Task(PythonOperator): greet> on 2025-10-23 19:15:30.624208+00:00
[2025-10-23T19:15:31.746+0000] {warnings.py:112} WARNING - /home/***/.local/lib/python3.12/site-packages/***/task/task_runner/standard_task_runner.py:70: DeprecationWarning: This process (pid=1037) is multi-threaded, use of fork() may lead to deadlocks in the child.
  pid = os.fork()

[2025-10-23T19:15:31.748+0000] {standard_task_runner.py:72} INFO - Started process 1038 to run task
[2025-10-23T19:15:31.753+0000] {standard_task_runner.py:104} INFO - Running: ['***', 'tasks', 'run', 'our_dag_with_python_operator_v02', 'greet', 'manual__2025-10-23T19:15:30.624208+00:00', '--job-id', '27', '--raw', '--subdir', 'DAGS_FOLDER/create_dag_with_python_operator.py', '--cfg-path', '/tmp/tmptslo5jl_']
[2025-10-23T19:15:31.754+0000] {standard_task_runner.py:105} INFO - Job 27: Subtask greet
[2025-10-23T19:15:31.831+0000] {task_command.py:467} INFO - Running <TaskInstance: our_dag_with_python_operator_v02.greet manual__2025-10-23T19:15:30.624208+00:00 [running]> on host c65f76f8d89c
[2025-10-23T19:15:31.938+0000] {taskinstance.py:3132} INFO - Exporting env vars: AIRFLOW_CTX_DAG_OWNER='data_engineer' AIRFLOW_CTX_DAG_ID='our_dag_with_python_operator_v02' AIRFLOW_CTX_TASK_ID='greet' AIRFLOW_CTX_EXECUTION_DATE='2025-10-23T19:15:30.624208+00:00' AIRFLOW_CTX_TRY_NUMBER='1' AIRFLOW_CTX_DAG_RUN_ID='manual__2025-10-23T19:15:30.624208+00:00'
[2025-10-23T19:15:31.939+0000] {taskinstance.py:731} INFO - ::endgroup::
[2025-10-23T19:15:31.965+0000] {logging_mixin.py:190} INFO - Hello World! My name is Olovuddin and I am  22 years old
[2025-10-23T19:15:31.969+0000] {python.py:240} INFO - Done. Returned value was: None
[2025-10-23T19:15:31.992+0000] {taskinstance.py:340} INFO - ::group::Post task execution logs
[2025-10-23T19:15:31.993+0000] {taskinstance.py:352} INFO - Marking task as SUCCESS. dag_id=our_dag_with_python_operator_v02, task_id=greet, run_id=manual__2025-10-23T19:15:30.624208+00:00, execution_date=20251023T191530, start_date=20251023T191531, end_date=20251023T191531
[2025-10-23T19:15:32.045+0000] {local_task_job_runner.py:266} INFO - Task exited with return code 0
[2025-10-23T19:15:32.066+0000] {taskinstance.py:3895} INFO - 0 downstream tasks scheduled from follow-on schedule check
[2025-10-23T19:15:32.070+0000] {local_task_job_runner.py:245} INFO - ::endgroup::
