[2025-10-23T20:24:29.206+0000] {local_task_job_runner.py:123} INFO - ::group::Pre task execution logs
[2025-10-23T20:24:29.224+0000] {taskinstance.py:2613} INFO - Dependencies all met for dep_context=non-requeueable deps ti=<TaskInstance: our_dag_with_python_operator_v06.greet manual__2025-10-23T20:24:25.692837+00:00 [queued]>
[2025-10-23T20:24:29.234+0000] {taskinstance.py:2613} INFO - Dependencies all met for dep_context=requeueable deps ti=<TaskInstance: our_dag_with_python_operator_v06.greet manual__2025-10-23T20:24:25.692837+00:00 [queued]>
[2025-10-23T20:24:29.235+0000] {taskinstance.py:2866} INFO - Starting attempt 1 of 6
[2025-10-23T20:24:29.252+0000] {taskinstance.py:2889} INFO - Executing <Task(PythonOperator): greet> on 2025-10-23 20:24:25.692837+00:00
[2025-10-23T20:24:29.260+0000] {warnings.py:112} WARNING - /home/***/.local/lib/python3.12/site-packages/***/task/task_runner/standard_task_runner.py:70: DeprecationWarning: This process (pid=1944) is multi-threaded, use of fork() may lead to deadlocks in the child.
  pid = os.fork()

[2025-10-23T20:24:29.262+0000] {standard_task_runner.py:72} INFO - Started process 1945 to run task
[2025-10-23T20:24:29.262+0000] {standard_task_runner.py:104} INFO - Running: ['***', 'tasks', 'run', 'our_dag_with_python_operator_v06', 'greet', 'manual__2025-10-23T20:24:25.692837+00:00', '--job-id', '35', '--raw', '--subdir', 'DAGS_FOLDER/create_dag_with_python_operator.py', '--cfg-path', '/tmp/tmp99qfvlri']
[2025-10-23T20:24:29.263+0000] {standard_task_runner.py:105} INFO - Job 35: Subtask greet
[2025-10-23T20:24:29.332+0000] {task_command.py:467} INFO - Running <TaskInstance: our_dag_with_python_operator_v06.greet manual__2025-10-23T20:24:25.692837+00:00 [running]> on host c65f76f8d89c
[2025-10-23T20:24:29.423+0000] {taskinstance.py:3132} INFO - Exporting env vars: AIRFLOW_CTX_DAG_OWNER='data_engineer' AIRFLOW_CTX_DAG_ID='our_dag_with_python_operator_v06' AIRFLOW_CTX_TASK_ID='greet' AIRFLOW_CTX_EXECUTION_DATE='2025-10-23T20:24:25.692837+00:00' AIRFLOW_CTX_TRY_NUMBER='1' AIRFLOW_CTX_DAG_RUN_ID='manual__2025-10-23T20:24:25.692837+00:00'
[2025-10-23T20:24:29.425+0000] {taskinstance.py:731} INFO - ::endgroup::
[2025-10-23T20:24:29.482+0000] {logging_mixin.py:190} INFO - Hello World! My name is Olovuddin Ramiddinov and I am  22 years old
[2025-10-23T20:24:29.483+0000] {python.py:240} INFO - Done. Returned value was: None
[2025-10-23T20:24:29.497+0000] {taskinstance.py:340} INFO - ::group::Post task execution logs
[2025-10-23T20:24:29.498+0000] {taskinstance.py:352} INFO - Marking task as SUCCESS. dag_id=our_dag_with_python_operator_v06, task_id=greet, run_id=manual__2025-10-23T20:24:25.692837+00:00, execution_date=20251023T202425, start_date=20251023T202429, end_date=20251023T202429
[2025-10-23T20:24:29.558+0000] {local_task_job_runner.py:266} INFO - Task exited with return code 0
[2025-10-23T20:24:29.580+0000] {taskinstance.py:3895} INFO - 0 downstream tasks scheduled from follow-on schedule check
[2025-10-23T20:24:29.583+0000] {local_task_job_runner.py:245} INFO - ::endgroup::
