[2025-10-23T17:03:08.255+0000] {local_task_job_runner.py:123} INFO - ::group::Pre task execution logs
[2025-10-23T17:03:08.295+0000] {taskinstance.py:2613} INFO - Dependencies all met for dep_context=non-requeueable deps ti=<TaskInstance: example_bash_operator.run_after_loop scheduled__2025-10-22T00:00:00+00:00 [queued]>
[2025-10-23T17:03:08.310+0000] {taskinstance.py:2613} INFO - Dependencies all met for dep_context=requeueable deps ti=<TaskInstance: example_bash_operator.run_after_loop scheduled__2025-10-22T00:00:00+00:00 [queued]>
[2025-10-23T17:03:08.312+0000] {taskinstance.py:2866} INFO - Starting attempt 1 of 1
[2025-10-23T17:03:08.334+0000] {taskinstance.py:2889} INFO - Executing <Task(BashOperator): run_after_loop> on 2025-10-22 00:00:00+00:00
[2025-10-23T17:03:08.348+0000] {warnings.py:112} WARNING - /home/***/.local/lib/python3.12/site-packages/***/task/task_runner/standard_task_runner.py:70: DeprecationWarning: This process (pid=387) is multi-threaded, use of fork() may lead to deadlocks in the child.
  pid = os.fork()

[2025-10-23T17:03:08.351+0000] {standard_task_runner.py:72} INFO - Started process 389 to run task
[2025-10-23T17:03:08.352+0000] {standard_task_runner.py:104} INFO - Running: ['***', 'tasks', 'run', 'example_bash_operator', 'run_after_loop', 'scheduled__2025-10-22T00:00:00+00:00', '--job-id', '10', '--raw', '--subdir', '/home/***/.local/lib/python3.12/site-packages/***/example_dags/example_bash_operator.py', '--cfg-path', '/tmp/tmp66u2pq2d']
[2025-10-23T17:03:08.354+0000] {standard_task_runner.py:105} INFO - Job 10: Subtask run_after_loop
[2025-10-23T17:03:08.540+0000] {task_command.py:467} INFO - Running <TaskInstance: example_bash_operator.run_after_loop scheduled__2025-10-22T00:00:00+00:00 [running]> on host a6a877a19e9a
[2025-10-23T17:03:08.696+0000] {taskinstance.py:3132} INFO - Exporting env vars: AIRFLOW_CTX_DAG_OWNER='***' AIRFLOW_CTX_DAG_ID='example_bash_operator' AIRFLOW_CTX_TASK_ID='run_after_loop' AIRFLOW_CTX_EXECUTION_DATE='2025-10-22T00:00:00+00:00' AIRFLOW_CTX_TRY_NUMBER='1' AIRFLOW_CTX_DAG_RUN_ID='scheduled__2025-10-22T00:00:00+00:00'
[2025-10-23T17:03:08.698+0000] {logging_mixin.py:190} INFO - Task instance is in running state
[2025-10-23T17:03:08.700+0000] {logging_mixin.py:190} INFO -  Previous state of the Task instance: queued
[2025-10-23T17:03:08.700+0000] {logging_mixin.py:190} INFO - Current task name:run_after_loop state:running start_date:2025-10-23 17:03:08.296808+00:00
[2025-10-23T17:03:08.702+0000] {logging_mixin.py:190} INFO - Dag name:example_bash_operator and current dag run status:running
[2025-10-23T17:03:08.703+0000] {taskinstance.py:731} INFO - ::endgroup::
[2025-10-23T17:03:08.707+0000] {subprocess.py:78} INFO - Tmp dir root location: /tmp
[2025-10-23T17:03:08.709+0000] {subprocess.py:88} INFO - Running command: ['/usr/bin/bash', '-c', 'echo https://***.apache.org/']
[2025-10-23T17:03:08.737+0000] {subprocess.py:99} INFO - Output:
[2025-10-23T17:03:08.741+0000] {subprocess.py:106} INFO - https://***.apache.org/
[2025-10-23T17:03:08.742+0000] {subprocess.py:110} INFO - Command exited with return code 0
[2025-10-23T17:03:08.785+0000] {taskinstance.py:340} INFO - ::group::Post task execution logs
[2025-10-23T17:03:08.786+0000] {taskinstance.py:352} INFO - Marking task as SUCCESS. dag_id=example_bash_operator, task_id=run_after_loop, run_id=scheduled__2025-10-22T00:00:00+00:00, execution_date=20251022T000000, start_date=20251023T170308, end_date=20251023T170308
[2025-10-23T17:03:08.809+0000] {logging_mixin.py:190} INFO - Task instance in success state
[2025-10-23T17:03:08.810+0000] {logging_mixin.py:190} INFO -  Previous state of the Task instance: running
[2025-10-23T17:03:08.811+0000] {logging_mixin.py:190} INFO - Dag name:example_bash_operator queued_at:2025-10-23 17:02:38.547837+00:00
[2025-10-23T17:03:08.811+0000] {logging_mixin.py:190} INFO - Task hostname:a6a877a19e9a operator:BashOperator
[2025-10-23T17:03:08.850+0000] {local_task_job_runner.py:266} INFO - Task exited with return code 0
[2025-10-23T17:03:08.876+0000] {taskinstance.py:3895} INFO - 0 downstream tasks scheduled from follow-on schedule check
[2025-10-23T17:03:08.878+0000] {local_task_job_runner.py:245} INFO - ::endgroup::
