[2025-10-23T17:03:01.954+0000] {local_task_job_runner.py:123} INFO - ::group::Pre task execution logs
[2025-10-23T17:03:02.021+0000] {taskinstance.py:2613} INFO - Dependencies all met for dep_context=non-requeueable deps ti=<TaskInstance: example_bash_operator.also_run_this scheduled__2025-10-22T00:00:00+00:00 [queued]>
[2025-10-23T17:03:02.051+0000] {taskinstance.py:2613} INFO - Dependencies all met for dep_context=requeueable deps ti=<TaskInstance: example_bash_operator.also_run_this scheduled__2025-10-22T00:00:00+00:00 [queued]>
[2025-10-23T17:03:02.052+0000] {taskinstance.py:2866} INFO - Starting attempt 1 of 1
[2025-10-23T17:03:02.096+0000] {taskinstance.py:2889} INFO - Executing <Task(BashOperator): also_run_this> on 2025-10-22 00:00:00+00:00
[2025-10-23T17:03:02.146+0000] {warnings.py:112} WARNING - /home/***/.local/lib/python3.12/site-packages/***/task/task_runner/standard_task_runner.py:70: DeprecationWarning: This process (pid=358) is multi-threaded, use of fork() may lead to deadlocks in the child.
  pid = os.fork()

[2025-10-23T17:03:02.159+0000] {standard_task_runner.py:104} INFO - Running: ['***', 'tasks', 'run', 'example_bash_operator', 'also_run_this', 'scheduled__2025-10-22T00:00:00+00:00', '--job-id', '6', '--raw', '--subdir', '/home/***/.local/lib/python3.12/site-packages/***/example_dags/example_bash_operator.py', '--cfg-path', '/tmp/tmphna9q88u']
[2025-10-23T17:03:02.179+0000] {standard_task_runner.py:105} INFO - Job 6: Subtask also_run_this
[2025-10-23T17:03:02.183+0000] {standard_task_runner.py:72} INFO - Started process 377 to run task
[2025-10-23T17:03:02.620+0000] {task_command.py:467} INFO - Running <TaskInstance: example_bash_operator.also_run_this scheduled__2025-10-22T00:00:00+00:00 [running]> on host a6a877a19e9a
[2025-10-23T17:03:03.182+0000] {taskinstance.py:3132} INFO - Exporting env vars: AIRFLOW_CTX_DAG_OWNER='***' AIRFLOW_CTX_DAG_ID='example_bash_operator' AIRFLOW_CTX_TASK_ID='also_run_this' AIRFLOW_CTX_EXECUTION_DATE='2025-10-22T00:00:00+00:00' AIRFLOW_CTX_TRY_NUMBER='1' AIRFLOW_CTX_DAG_RUN_ID='scheduled__2025-10-22T00:00:00+00:00'
[2025-10-23T17:03:03.203+0000] {logging_mixin.py:190} INFO - Task instance is in running state
[2025-10-23T17:03:03.233+0000] {logging_mixin.py:190} INFO -  Previous state of the Task instance: queued
[2025-10-23T17:03:03.242+0000] {logging_mixin.py:190} INFO - Current task name:also_run_this state:running start_date:2025-10-23 17:03:02.022701+00:00
[2025-10-23T17:03:03.257+0000] {logging_mixin.py:190} INFO - Dag name:example_bash_operator and current dag run status:running
[2025-10-23T17:03:03.265+0000] {taskinstance.py:731} INFO - ::endgroup::
[2025-10-23T17:03:03.268+0000] {subprocess.py:78} INFO - Tmp dir root location: /tmp
[2025-10-23T17:03:03.273+0000] {subprocess.py:88} INFO - Running command: ['/usr/bin/bash', '-c', 'echo "ti_key=example_bash_operator__also_run_this__20251022"']
[2025-10-23T17:03:03.319+0000] {subprocess.py:99} INFO - Output:
[2025-10-23T17:03:03.321+0000] {subprocess.py:106} INFO - ti_key=example_bash_operator__also_run_this__20251022
[2025-10-23T17:03:03.322+0000] {subprocess.py:110} INFO - Command exited with return code 0
[2025-10-23T17:03:03.387+0000] {taskinstance.py:340} INFO - ::group::Post task execution logs
[2025-10-23T17:03:03.393+0000] {taskinstance.py:352} INFO - Marking task as SUCCESS. dag_id=example_bash_operator, task_id=also_run_this, run_id=scheduled__2025-10-22T00:00:00+00:00, execution_date=20251022T000000, start_date=20251023T170302, end_date=20251023T170303
[2025-10-23T17:03:03.413+0000] {logging_mixin.py:190} INFO - Task instance in success state
[2025-10-23T17:03:03.415+0000] {logging_mixin.py:190} INFO -  Previous state of the Task instance: running
[2025-10-23T17:03:03.416+0000] {logging_mixin.py:190} INFO - Dag name:example_bash_operator queued_at:2025-10-23 17:02:38.547837+00:00
[2025-10-23T17:03:03.417+0000] {logging_mixin.py:190} INFO - Task hostname:a6a877a19e9a operator:BashOperator
[2025-10-23T17:03:03.442+0000] {local_task_job_runner.py:266} INFO - Task exited with return code 0
[2025-10-23T17:03:03.478+0000] {taskinstance.py:3895} INFO - 0 downstream tasks scheduled from follow-on schedule check
[2025-10-23T17:03:03.482+0000] {local_task_job_runner.py:245} INFO - ::endgroup::
