[2025-10-23T20:57:11.618+0000] {local_task_job_runner.py:123} INFO - ::group::Pre task execution logs
[2025-10-23T20:57:11.645+0000] {taskinstance.py:2613} INFO - Dependencies all met for dep_context=non-requeueable deps ti=<TaskInstance: dag_with_taskflow_api_v2.greet manual__2025-10-23T20:49:46.252192+00:00 [queued]>
[2025-10-23T20:57:11.658+0000] {taskinstance.py:2613} INFO - Dependencies all met for dep_context=requeueable deps ti=<TaskInstance: dag_with_taskflow_api_v2.greet manual__2025-10-23T20:49:46.252192+00:00 [queued]>
[2025-10-23T20:57:11.659+0000] {taskinstance.py:2866} INFO - Starting attempt 4 of 6
[2025-10-23T20:57:11.676+0000] {taskinstance.py:2889} INFO - Executing <Task(_PythonDecoratedOperator): greet> on 2025-10-23 20:49:46.252192+00:00
[2025-10-23T20:57:11.685+0000] {warnings.py:112} WARNING - /home/***/.local/lib/python3.12/site-packages/***/task/task_runner/standard_task_runner.py:70: DeprecationWarning: This process (pid=2400) is multi-threaded, use of fork() may lead to deadlocks in the child.
  pid = os.fork()

[2025-10-23T20:57:11.688+0000] {standard_task_runner.py:72} INFO - Started process 2401 to run task
[2025-10-23T20:57:11.687+0000] {standard_task_runner.py:104} INFO - Running: ['***', 'tasks', 'run', 'dag_with_taskflow_api_v2', 'greet', 'manual__2025-10-23T20:49:46.252192+00:00', '--job-id', '51', '--raw', '--subdir', 'DAGS_FOLDER/dag_with_taskflow_api.py', '--cfg-path', '/tmp/tmp5tyro4cs']
[2025-10-23T20:57:11.689+0000] {standard_task_runner.py:105} INFO - Job 51: Subtask greet
[2025-10-23T20:57:11.809+0000] {task_command.py:467} INFO - Running <TaskInstance: dag_with_taskflow_api_v2.greet manual__2025-10-23T20:49:46.252192+00:00 [running]> on host c65f76f8d89c
[2025-10-23T20:57:12.340+0000] {taskinstance.py:3132} INFO - Exporting env vars: AIRFLOW_CTX_DAG_OWNER='data_engineer' AIRFLOW_CTX_DAG_ID='dag_with_taskflow_api_v2' AIRFLOW_CTX_TASK_ID='greet' AIRFLOW_CTX_EXECUTION_DATE='2025-10-23T20:49:46.252192+00:00' AIRFLOW_CTX_TRY_NUMBER='4' AIRFLOW_CTX_DAG_RUN_ID='manual__2025-10-23T20:49:46.252192+00:00'
[2025-10-23T20:57:12.356+0000] {taskinstance.py:731} INFO - ::endgroup::
[2025-10-23T20:57:12.368+0000] {logging_mixin.py:190} INFO - Hello World! My name is None None and I am 22 years old!
[2025-10-23T20:57:12.369+0000] {python.py:240} INFO - Done. Returned value was: None
[2025-10-23T20:57:12.412+0000] {taskinstance.py:340} INFO - ::group::Post task execution logs
[2025-10-23T20:57:12.413+0000] {taskinstance.py:352} INFO - Marking task as SUCCESS. dag_id=dag_with_taskflow_api_v2, task_id=greet, run_id=manual__2025-10-23T20:49:46.252192+00:00, execution_date=20251023T204946, start_date=20251023T205711, end_date=20251023T205712
[2025-10-23T20:57:12.469+0000] {local_task_job_runner.py:266} INFO - Task exited with return code 0
[2025-10-23T20:57:12.502+0000] {taskinstance.py:3895} INFO - 0 downstream tasks scheduled from follow-on schedule check
[2025-10-23T20:57:12.507+0000] {local_task_job_runner.py:245} INFO - ::endgroup::
