[2025-10-23T20:36:01.226+0000] {processor.py:186} INFO - Started process (PID=2359) to work on /opt/airflow/dags/dag_with_taskflow_api.py
[2025-10-23T20:36:01.227+0000] {processor.py:914} INFO - Processing file /opt/airflow/dags/dag_with_taskflow_api.py for tasks to queue
[2025-10-23T20:36:01.229+0000] {logging_mixin.py:190} INFO - [2025-10-23T20:36:01.229+0000] {dagbag.py:588} INFO - Filling up the DagBag from /opt/airflow/dags/dag_with_taskflow_api.py
[2025-10-23T20:36:01.246+0000] {processor.py:927} WARNING - No viable dags retrieved from /opt/airflow/dags/dag_with_taskflow_api.py
[2025-10-23T20:36:01.265+0000] {processor.py:208} INFO - Processing /opt/airflow/dags/dag_with_taskflow_api.py took 0.045 seconds
[2025-10-23T20:36:31.812+0000] {processor.py:186} INFO - Started process (PID=2368) to work on /opt/airflow/dags/dag_with_taskflow_api.py
[2025-10-23T20:36:31.813+0000] {processor.py:914} INFO - Processing file /opt/airflow/dags/dag_with_taskflow_api.py for tasks to queue
[2025-10-23T20:36:31.814+0000] {logging_mixin.py:190} INFO - [2025-10-23T20:36:31.814+0000] {dagbag.py:588} INFO - Filling up the DagBag from /opt/airflow/dags/dag_with_taskflow_api.py
[2025-10-23T20:36:31.822+0000] {processor.py:927} WARNING - No viable dags retrieved from /opt/airflow/dags/dag_with_taskflow_api.py
[2025-10-23T20:36:31.837+0000] {processor.py:208} INFO - Processing /opt/airflow/dags/dag_with_taskflow_api.py took 0.032 seconds
[2025-10-23T20:37:02.230+0000] {processor.py:186} INFO - Started process (PID=2377) to work on /opt/airflow/dags/dag_with_taskflow_api.py
[2025-10-23T20:37:02.232+0000] {processor.py:914} INFO - Processing file /opt/airflow/dags/dag_with_taskflow_api.py for tasks to queue
[2025-10-23T20:37:02.233+0000] {logging_mixin.py:190} INFO - [2025-10-23T20:37:02.233+0000] {dagbag.py:588} INFO - Filling up the DagBag from /opt/airflow/dags/dag_with_taskflow_api.py
[2025-10-23T20:37:02.242+0000] {processor.py:927} WARNING - No viable dags retrieved from /opt/airflow/dags/dag_with_taskflow_api.py
[2025-10-23T20:37:02.260+0000] {processor.py:208} INFO - Processing /opt/airflow/dags/dag_with_taskflow_api.py took 0.037 seconds
[2025-10-23T20:37:32.753+0000] {processor.py:186} INFO - Started process (PID=2386) to work on /opt/airflow/dags/dag_with_taskflow_api.py
[2025-10-23T20:37:32.758+0000] {processor.py:914} INFO - Processing file /opt/airflow/dags/dag_with_taskflow_api.py for tasks to queue
[2025-10-23T20:37:32.761+0000] {logging_mixin.py:190} INFO - [2025-10-23T20:37:32.760+0000] {dagbag.py:588} INFO - Filling up the DagBag from /opt/airflow/dags/dag_with_taskflow_api.py
[2025-10-23T20:37:32.774+0000] {processor.py:927} WARNING - No viable dags retrieved from /opt/airflow/dags/dag_with_taskflow_api.py
[2025-10-23T20:37:32.791+0000] {processor.py:208} INFO - Processing /opt/airflow/dags/dag_with_taskflow_api.py took 0.047 seconds
[2025-10-23T20:38:03.376+0000] {processor.py:186} INFO - Started process (PID=2395) to work on /opt/airflow/dags/dag_with_taskflow_api.py
[2025-10-23T20:38:03.377+0000] {processor.py:914} INFO - Processing file /opt/airflow/dags/dag_with_taskflow_api.py for tasks to queue
[2025-10-23T20:38:03.379+0000] {logging_mixin.py:190} INFO - [2025-10-23T20:38:03.378+0000] {dagbag.py:588} INFO - Filling up the DagBag from /opt/airflow/dags/dag_with_taskflow_api.py
[2025-10-23T20:38:03.398+0000] {processor.py:927} WARNING - No viable dags retrieved from /opt/airflow/dags/dag_with_taskflow_api.py
[2025-10-23T20:38:03.413+0000] {processor.py:208} INFO - Processing /opt/airflow/dags/dag_with_taskflow_api.py took 0.044 seconds
[2025-10-23T20:38:34.039+0000] {processor.py:186} INFO - Started process (PID=2404) to work on /opt/airflow/dags/dag_with_taskflow_api.py
[2025-10-23T20:38:34.041+0000] {processor.py:914} INFO - Processing file /opt/airflow/dags/dag_with_taskflow_api.py for tasks to queue
[2025-10-23T20:38:34.044+0000] {logging_mixin.py:190} INFO - [2025-10-23T20:38:34.043+0000] {dagbag.py:588} INFO - Filling up the DagBag from /opt/airflow/dags/dag_with_taskflow_api.py
[2025-10-23T20:38:34.057+0000] {processor.py:927} WARNING - No viable dags retrieved from /opt/airflow/dags/dag_with_taskflow_api.py
[2025-10-23T20:38:34.076+0000] {processor.py:208} INFO - Processing /opt/airflow/dags/dag_with_taskflow_api.py took 0.047 seconds
[2025-10-23T20:39:04.747+0000] {processor.py:186} INFO - Started process (PID=2413) to work on /opt/airflow/dags/dag_with_taskflow_api.py
[2025-10-23T20:39:04.748+0000] {processor.py:914} INFO - Processing file /opt/airflow/dags/dag_with_taskflow_api.py for tasks to queue
[2025-10-23T20:39:04.750+0000] {logging_mixin.py:190} INFO - [2025-10-23T20:39:04.749+0000] {dagbag.py:588} INFO - Filling up the DagBag from /opt/airflow/dags/dag_with_taskflow_api.py
[2025-10-23T20:39:04.770+0000] {processor.py:927} WARNING - No viable dags retrieved from /opt/airflow/dags/dag_with_taskflow_api.py
[2025-10-23T20:39:04.789+0000] {processor.py:208} INFO - Processing /opt/airflow/dags/dag_with_taskflow_api.py took 0.050 seconds
[2025-10-23T20:39:35.311+0000] {processor.py:186} INFO - Started process (PID=2428) to work on /opt/airflow/dags/dag_with_taskflow_api.py
[2025-10-23T20:39:35.312+0000] {processor.py:914} INFO - Processing file /opt/airflow/dags/dag_with_taskflow_api.py for tasks to queue
[2025-10-23T20:39:35.314+0000] {logging_mixin.py:190} INFO - [2025-10-23T20:39:35.313+0000] {dagbag.py:588} INFO - Filling up the DagBag from /opt/airflow/dags/dag_with_taskflow_api.py
[2025-10-23T20:39:35.328+0000] {processor.py:927} WARNING - No viable dags retrieved from /opt/airflow/dags/dag_with_taskflow_api.py
[2025-10-23T20:39:35.348+0000] {processor.py:208} INFO - Processing /opt/airflow/dags/dag_with_taskflow_api.py took 0.046 seconds
[2025-10-23T20:40:05.896+0000] {processor.py:186} INFO - Started process (PID=2437) to work on /opt/airflow/dags/dag_with_taskflow_api.py
[2025-10-23T20:40:05.897+0000] {processor.py:914} INFO - Processing file /opt/airflow/dags/dag_with_taskflow_api.py for tasks to queue
[2025-10-23T20:40:05.899+0000] {logging_mixin.py:190} INFO - [2025-10-23T20:40:05.898+0000] {dagbag.py:588} INFO - Filling up the DagBag from /opt/airflow/dags/dag_with_taskflow_api.py
[2025-10-23T20:40:05.911+0000] {processor.py:927} WARNING - No viable dags retrieved from /opt/airflow/dags/dag_with_taskflow_api.py
[2025-10-23T20:40:05.929+0000] {processor.py:208} INFO - Processing /opt/airflow/dags/dag_with_taskflow_api.py took 0.042 seconds
[2025-10-23T20:40:35.498+0000] {processor.py:186} INFO - Started process (PID=2446) to work on /opt/airflow/dags/dag_with_taskflow_api.py
[2025-10-23T20:40:35.500+0000] {processor.py:914} INFO - Processing file /opt/airflow/dags/dag_with_taskflow_api.py for tasks to queue
[2025-10-23T20:40:35.502+0000] {logging_mixin.py:190} INFO - [2025-10-23T20:40:35.502+0000] {dagbag.py:588} INFO - Filling up the DagBag from /opt/airflow/dags/dag_with_taskflow_api.py
[2025-10-23T20:40:35.534+0000] {processor.py:927} WARNING - No viable dags retrieved from /opt/airflow/dags/dag_with_taskflow_api.py
[2025-10-23T20:40:35.561+0000] {processor.py:208} INFO - Processing /opt/airflow/dags/dag_with_taskflow_api.py took 0.076 seconds
[2025-10-23T20:41:06.064+0000] {processor.py:186} INFO - Started process (PID=2455) to work on /opt/airflow/dags/dag_with_taskflow_api.py
[2025-10-23T20:41:06.065+0000] {processor.py:914} INFO - Processing file /opt/airflow/dags/dag_with_taskflow_api.py for tasks to queue
[2025-10-23T20:41:06.067+0000] {logging_mixin.py:190} INFO - [2025-10-23T20:41:06.067+0000] {dagbag.py:588} INFO - Filling up the DagBag from /opt/airflow/dags/dag_with_taskflow_api.py
[2025-10-23T20:41:06.083+0000] {processor.py:927} WARNING - No viable dags retrieved from /opt/airflow/dags/dag_with_taskflow_api.py
[2025-10-23T20:41:06.100+0000] {processor.py:208} INFO - Processing /opt/airflow/dags/dag_with_taskflow_api.py took 0.044 seconds
[2025-10-23T20:41:36.633+0000] {processor.py:186} INFO - Started process (PID=2464) to work on /opt/airflow/dags/dag_with_taskflow_api.py
[2025-10-23T20:41:36.634+0000] {processor.py:914} INFO - Processing file /opt/airflow/dags/dag_with_taskflow_api.py for tasks to queue
[2025-10-23T20:41:36.636+0000] {logging_mixin.py:190} INFO - [2025-10-23T20:41:36.635+0000] {dagbag.py:588} INFO - Filling up the DagBag from /opt/airflow/dags/dag_with_taskflow_api.py
[2025-10-23T20:41:36.650+0000] {processor.py:927} WARNING - No viable dags retrieved from /opt/airflow/dags/dag_with_taskflow_api.py
[2025-10-23T20:41:36.665+0000] {processor.py:208} INFO - Processing /opt/airflow/dags/dag_with_taskflow_api.py took 0.039 seconds
[2025-10-23T20:42:07.047+0000] {processor.py:186} INFO - Started process (PID=2473) to work on /opt/airflow/dags/dag_with_taskflow_api.py
[2025-10-23T20:42:07.049+0000] {processor.py:914} INFO - Processing file /opt/airflow/dags/dag_with_taskflow_api.py for tasks to queue
[2025-10-23T20:42:07.051+0000] {logging_mixin.py:190} INFO - [2025-10-23T20:42:07.050+0000] {dagbag.py:588} INFO - Filling up the DagBag from /opt/airflow/dags/dag_with_taskflow_api.py
[2025-10-23T20:42:07.073+0000] {processor.py:927} WARNING - No viable dags retrieved from /opt/airflow/dags/dag_with_taskflow_api.py
[2025-10-23T20:42:07.102+0000] {processor.py:208} INFO - Processing /opt/airflow/dags/dag_with_taskflow_api.py took 0.064 seconds
[2025-10-23T20:42:37.733+0000] {processor.py:186} INFO - Started process (PID=2482) to work on /opt/airflow/dags/dag_with_taskflow_api.py
[2025-10-23T20:42:37.735+0000] {processor.py:914} INFO - Processing file /opt/airflow/dags/dag_with_taskflow_api.py for tasks to queue
[2025-10-23T20:42:37.737+0000] {logging_mixin.py:190} INFO - [2025-10-23T20:42:37.736+0000] {dagbag.py:588} INFO - Filling up the DagBag from /opt/airflow/dags/dag_with_taskflow_api.py
[2025-10-23T20:42:37.757+0000] {processor.py:927} WARNING - No viable dags retrieved from /opt/airflow/dags/dag_with_taskflow_api.py
[2025-10-23T20:42:37.791+0000] {processor.py:208} INFO - Processing /opt/airflow/dags/dag_with_taskflow_api.py took 0.067 seconds
[2025-10-23T20:43:08.303+0000] {processor.py:186} INFO - Started process (PID=2491) to work on /opt/airflow/dags/dag_with_taskflow_api.py
[2025-10-23T20:43:08.304+0000] {processor.py:914} INFO - Processing file /opt/airflow/dags/dag_with_taskflow_api.py for tasks to queue
[2025-10-23T20:43:08.306+0000] {logging_mixin.py:190} INFO - [2025-10-23T20:43:08.306+0000] {dagbag.py:588} INFO - Filling up the DagBag from /opt/airflow/dags/dag_with_taskflow_api.py
[2025-10-23T20:43:08.319+0000] {processor.py:927} WARNING - No viable dags retrieved from /opt/airflow/dags/dag_with_taskflow_api.py
[2025-10-23T20:43:08.341+0000] {processor.py:208} INFO - Processing /opt/airflow/dags/dag_with_taskflow_api.py took 0.047 seconds
[2025-10-23T20:43:38.746+0000] {processor.py:186} INFO - Started process (PID=2500) to work on /opt/airflow/dags/dag_with_taskflow_api.py
[2025-10-23T20:43:38.748+0000] {processor.py:914} INFO - Processing file /opt/airflow/dags/dag_with_taskflow_api.py for tasks to queue
[2025-10-23T20:43:38.752+0000] {logging_mixin.py:190} INFO - [2025-10-23T20:43:38.751+0000] {dagbag.py:588} INFO - Filling up the DagBag from /opt/airflow/dags/dag_with_taskflow_api.py
[2025-10-23T20:43:38.767+0000] {processor.py:927} WARNING - No viable dags retrieved from /opt/airflow/dags/dag_with_taskflow_api.py
[2025-10-23T20:43:38.784+0000] {processor.py:208} INFO - Processing /opt/airflow/dags/dag_with_taskflow_api.py took 0.045 seconds
[2025-10-23T20:44:01.255+0000] {processor.py:186} INFO - Started process (PID=2503) to work on /opt/airflow/dags/dag_with_taskflow_api.py
[2025-10-23T20:44:01.257+0000] {processor.py:914} INFO - Processing file /opt/airflow/dags/dag_with_taskflow_api.py for tasks to queue
[2025-10-23T20:44:01.258+0000] {logging_mixin.py:190} INFO - [2025-10-23T20:44:01.258+0000] {dagbag.py:588} INFO - Filling up the DagBag from /opt/airflow/dags/dag_with_taskflow_api.py
[2025-10-23T20:44:01.302+0000] {processor.py:925} INFO - DAG(s) 'dag_with_taskflow_api_v1' retrieved from /opt/airflow/dags/dag_with_taskflow_api.py
[2025-10-23T20:44:01.621+0000] {logging_mixin.py:190} INFO - [2025-10-23T20:44:01.618+0000] {override.py:1911} INFO - Created Permission View: can read on DAG:dag_with_taskflow_api_v1
[2025-10-23T20:44:01.637+0000] {logging_mixin.py:190} INFO - [2025-10-23T20:44:01.637+0000] {override.py:1911} INFO - Created Permission View: can delete on DAG:dag_with_taskflow_api_v1
[2025-10-23T20:44:01.647+0000] {logging_mixin.py:190} INFO - [2025-10-23T20:44:01.646+0000] {override.py:1911} INFO - Created Permission View: can edit on DAG:dag_with_taskflow_api_v1
[2025-10-23T20:44:01.659+0000] {logging_mixin.py:190} INFO - [2025-10-23T20:44:01.659+0000] {override.py:1911} INFO - Created Permission View: can read on DAG Run:dag_with_taskflow_api_v1
[2025-10-23T20:44:01.671+0000] {logging_mixin.py:190} INFO - [2025-10-23T20:44:01.671+0000] {override.py:1911} INFO - Created Permission View: can delete on DAG Run:dag_with_taskflow_api_v1
[2025-10-23T20:44:01.682+0000] {logging_mixin.py:190} INFO - [2025-10-23T20:44:01.681+0000] {override.py:1911} INFO - Created Permission View: can create on DAG Run:dag_with_taskflow_api_v1
[2025-10-23T20:44:01.691+0000] {logging_mixin.py:190} INFO - [2025-10-23T20:44:01.691+0000] {override.py:1911} INFO - Created Permission View: menu access on DAG Run:dag_with_taskflow_api_v1
[2025-10-23T20:44:01.695+0000] {logging_mixin.py:190} INFO - [2025-10-23T20:44:01.695+0000] {dag.py:3239} INFO - Sync 1 DAGs
[2025-10-23T20:44:01.727+0000] {logging_mixin.py:190} INFO - [2025-10-23T20:44:01.727+0000] {dag.py:3262} INFO - Creating ORM DAG for dag_with_taskflow_api_v1
[2025-10-23T20:44:01.765+0000] {logging_mixin.py:190} INFO - [2025-10-23T20:44:01.765+0000] {dag.py:4180} INFO - Setting next_dagrun for dag_with_taskflow_api_v1 to 2025-10-23 00:00:00+00:00, run_after=2025-10-24 00:00:00+00:00
[2025-10-23T20:44:01.811+0000] {processor.py:208} INFO - Processing /opt/airflow/dags/dag_with_taskflow_api.py took 0.564 seconds
[2025-10-23T20:44:31.946+0000] {processor.py:186} INFO - Started process (PID=2516) to work on /opt/airflow/dags/dag_with_taskflow_api.py
[2025-10-23T20:44:31.948+0000] {processor.py:914} INFO - Processing file /opt/airflow/dags/dag_with_taskflow_api.py for tasks to queue
[2025-10-23T20:44:31.949+0000] {logging_mixin.py:190} INFO - [2025-10-23T20:44:31.949+0000] {dagbag.py:588} INFO - Filling up the DagBag from /opt/airflow/dags/dag_with_taskflow_api.py
[2025-10-23T20:44:31.973+0000] {processor.py:925} INFO - DAG(s) 'dag_with_taskflow_api_v1' retrieved from /opt/airflow/dags/dag_with_taskflow_api.py
[2025-10-23T20:44:32.007+0000] {logging_mixin.py:190} INFO - [2025-10-23T20:44:32.006+0000] {dag.py:3239} INFO - Sync 1 DAGs
[2025-10-23T20:44:32.038+0000] {logging_mixin.py:190} INFO - [2025-10-23T20:44:32.037+0000] {dag.py:4180} INFO - Setting next_dagrun for dag_with_taskflow_api_v1 to 2025-10-23 00:00:00+00:00, run_after=2025-10-24 00:00:00+00:00
[2025-10-23T20:44:32.071+0000] {processor.py:208} INFO - Processing /opt/airflow/dags/dag_with_taskflow_api.py took 0.132 seconds
[2025-10-23T20:45:02.474+0000] {processor.py:186} INFO - Started process (PID=2525) to work on /opt/airflow/dags/dag_with_taskflow_api.py
[2025-10-23T20:45:02.476+0000] {processor.py:914} INFO - Processing file /opt/airflow/dags/dag_with_taskflow_api.py for tasks to queue
[2025-10-23T20:45:02.477+0000] {logging_mixin.py:190} INFO - [2025-10-23T20:45:02.477+0000] {dagbag.py:588} INFO - Filling up the DagBag from /opt/airflow/dags/dag_with_taskflow_api.py
[2025-10-23T20:45:02.505+0000] {processor.py:925} INFO - DAG(s) 'dag_with_taskflow_api_v1' retrieved from /opt/airflow/dags/dag_with_taskflow_api.py
[2025-10-23T20:45:02.550+0000] {logging_mixin.py:190} INFO - [2025-10-23T20:45:02.549+0000] {dag.py:3239} INFO - Sync 1 DAGs
[2025-10-23T20:45:02.591+0000] {logging_mixin.py:190} INFO - [2025-10-23T20:45:02.591+0000] {dag.py:4180} INFO - Setting next_dagrun for dag_with_taskflow_api_v1 to 2025-10-23 00:00:00+00:00, run_after=2025-10-24 00:00:00+00:00
[2025-10-23T20:45:02.627+0000] {processor.py:208} INFO - Processing /opt/airflow/dags/dag_with_taskflow_api.py took 0.164 seconds
[2025-10-23T20:45:33.306+0000] {processor.py:186} INFO - Started process (PID=2534) to work on /opt/airflow/dags/dag_with_taskflow_api.py
[2025-10-23T20:45:33.307+0000] {processor.py:914} INFO - Processing file /opt/airflow/dags/dag_with_taskflow_api.py for tasks to queue
[2025-10-23T20:45:33.312+0000] {logging_mixin.py:190} INFO - [2025-10-23T20:45:33.311+0000] {dagbag.py:588} INFO - Filling up the DagBag from /opt/airflow/dags/dag_with_taskflow_api.py
[2025-10-23T20:45:33.342+0000] {processor.py:925} INFO - DAG(s) 'dag_with_taskflow_api_v1' retrieved from /opt/airflow/dags/dag_with_taskflow_api.py
[2025-10-23T20:45:33.380+0000] {logging_mixin.py:190} INFO - [2025-10-23T20:45:33.379+0000] {dag.py:3239} INFO - Sync 1 DAGs
[2025-10-23T20:45:33.411+0000] {logging_mixin.py:190} INFO - [2025-10-23T20:45:33.411+0000] {dag.py:4180} INFO - Setting next_dagrun for dag_with_taskflow_api_v1 to 2025-10-23 00:00:00+00:00, run_after=2025-10-24 00:00:00+00:00
[2025-10-23T20:45:33.436+0000] {processor.py:208} INFO - Processing /opt/airflow/dags/dag_with_taskflow_api.py took 0.138 seconds
[2025-10-23T20:46:03.887+0000] {processor.py:186} INFO - Started process (PID=2543) to work on /opt/airflow/dags/dag_with_taskflow_api.py
[2025-10-23T20:46:03.890+0000] {processor.py:914} INFO - Processing file /opt/airflow/dags/dag_with_taskflow_api.py for tasks to queue
[2025-10-23T20:46:03.893+0000] {logging_mixin.py:190} INFO - [2025-10-23T20:46:03.892+0000] {dagbag.py:588} INFO - Filling up the DagBag from /opt/airflow/dags/dag_with_taskflow_api.py
[2025-10-23T20:46:03.923+0000] {processor.py:925} INFO - DAG(s) 'dag_with_taskflow_api_v1' retrieved from /opt/airflow/dags/dag_with_taskflow_api.py
[2025-10-23T20:46:04.019+0000] {logging_mixin.py:190} INFO - [2025-10-23T20:46:04.019+0000] {dag.py:3239} INFO - Sync 1 DAGs
[2025-10-23T20:46:04.099+0000] {logging_mixin.py:190} INFO - [2025-10-23T20:46:04.098+0000] {dag.py:4180} INFO - Setting next_dagrun for dag_with_taskflow_api_v1 to 2025-10-23 00:00:00+00:00, run_after=2025-10-24 00:00:00+00:00
[2025-10-23T20:46:04.160+0000] {processor.py:208} INFO - Processing /opt/airflow/dags/dag_with_taskflow_api.py took 0.282 seconds
[2025-10-23T20:46:34.613+0000] {processor.py:186} INFO - Started process (PID=2552) to work on /opt/airflow/dags/dag_with_taskflow_api.py
[2025-10-23T20:46:34.615+0000] {processor.py:914} INFO - Processing file /opt/airflow/dags/dag_with_taskflow_api.py for tasks to queue
[2025-10-23T20:46:34.617+0000] {logging_mixin.py:190} INFO - [2025-10-23T20:46:34.617+0000] {dagbag.py:588} INFO - Filling up the DagBag from /opt/airflow/dags/dag_with_taskflow_api.py
[2025-10-23T20:46:34.650+0000] {processor.py:925} INFO - DAG(s) 'dag_with_taskflow_api_v1' retrieved from /opt/airflow/dags/dag_with_taskflow_api.py
[2025-10-23T20:46:34.702+0000] {logging_mixin.py:190} INFO - [2025-10-23T20:46:34.702+0000] {dag.py:3239} INFO - Sync 1 DAGs
[2025-10-23T20:46:34.746+0000] {logging_mixin.py:190} INFO - [2025-10-23T20:46:34.745+0000] {dag.py:4180} INFO - Setting next_dagrun for dag_with_taskflow_api_v1 to 2025-10-23 00:00:00+00:00, run_after=2025-10-24 00:00:00+00:00
[2025-10-23T20:46:34.782+0000] {processor.py:208} INFO - Processing /opt/airflow/dags/dag_with_taskflow_api.py took 0.185 seconds
[2025-10-23T20:47:05.022+0000] {processor.py:186} INFO - Started process (PID=2561) to work on /opt/airflow/dags/dag_with_taskflow_api.py
[2025-10-23T20:47:05.023+0000] {processor.py:914} INFO - Processing file /opt/airflow/dags/dag_with_taskflow_api.py for tasks to queue
[2025-10-23T20:47:05.025+0000] {logging_mixin.py:190} INFO - [2025-10-23T20:47:05.024+0000] {dagbag.py:588} INFO - Filling up the DagBag from /opt/airflow/dags/dag_with_taskflow_api.py
[2025-10-23T20:47:05.051+0000] {processor.py:925} INFO - DAG(s) 'dag_with_taskflow_api_v1' retrieved from /opt/airflow/dags/dag_with_taskflow_api.py
[2025-10-23T20:47:05.089+0000] {logging_mixin.py:190} INFO - [2025-10-23T20:47:05.088+0000] {dag.py:3239} INFO - Sync 1 DAGs
[2025-10-23T20:47:05.134+0000] {logging_mixin.py:190} INFO - [2025-10-23T20:47:05.134+0000] {dag.py:4180} INFO - Setting next_dagrun for dag_with_taskflow_api_v1 to 2025-10-23 00:00:00+00:00, run_after=2025-10-24 00:00:00+00:00
[2025-10-23T20:47:05.158+0000] {processor.py:208} INFO - Processing /opt/airflow/dags/dag_with_taskflow_api.py took 0.143 seconds
[2025-10-23T20:47:35.676+0000] {processor.py:186} INFO - Started process (PID=2569) to work on /opt/airflow/dags/dag_with_taskflow_api.py
[2025-10-23T20:47:35.678+0000] {processor.py:914} INFO - Processing file /opt/airflow/dags/dag_with_taskflow_api.py for tasks to queue
[2025-10-23T20:47:35.680+0000] {logging_mixin.py:190} INFO - [2025-10-23T20:47:35.680+0000] {dagbag.py:588} INFO - Filling up the DagBag from /opt/airflow/dags/dag_with_taskflow_api.py
[2025-10-23T20:47:35.709+0000] {processor.py:925} INFO - DAG(s) 'dag_with_taskflow_api_v1' retrieved from /opt/airflow/dags/dag_with_taskflow_api.py
[2025-10-23T20:47:35.738+0000] {logging_mixin.py:190} INFO - [2025-10-23T20:47:35.738+0000] {dag.py:3239} INFO - Sync 1 DAGs
[2025-10-23T20:47:35.777+0000] {logging_mixin.py:190} INFO - [2025-10-23T20:47:35.776+0000] {dag.py:4180} INFO - Setting next_dagrun for dag_with_taskflow_api_v1 to 2025-10-23 00:00:00+00:00, run_after=2025-10-24 00:00:00+00:00
[2025-10-23T20:47:35.825+0000] {processor.py:208} INFO - Processing /opt/airflow/dags/dag_with_taskflow_api.py took 0.160 seconds
[2025-10-23T20:48:06.295+0000] {processor.py:186} INFO - Started process (PID=2578) to work on /opt/airflow/dags/dag_with_taskflow_api.py
[2025-10-23T20:48:06.297+0000] {processor.py:914} INFO - Processing file /opt/airflow/dags/dag_with_taskflow_api.py for tasks to queue
[2025-10-23T20:48:06.300+0000] {logging_mixin.py:190} INFO - [2025-10-23T20:48:06.300+0000] {dagbag.py:588} INFO - Filling up the DagBag from /opt/airflow/dags/dag_with_taskflow_api.py
[2025-10-23T20:48:06.330+0000] {processor.py:925} INFO - DAG(s) 'dag_with_taskflow_api_v1' retrieved from /opt/airflow/dags/dag_with_taskflow_api.py
[2025-10-23T20:48:06.368+0000] {logging_mixin.py:190} INFO - [2025-10-23T20:48:06.368+0000] {dag.py:3239} INFO - Sync 1 DAGs
[2025-10-23T20:48:06.399+0000] {logging_mixin.py:190} INFO - [2025-10-23T20:48:06.399+0000] {dag.py:4180} INFO - Setting next_dagrun for dag_with_taskflow_api_v1 to 2025-10-23 00:00:00+00:00, run_after=2025-10-24 00:00:00+00:00
[2025-10-23T20:48:06.433+0000] {processor.py:208} INFO - Processing /opt/airflow/dags/dag_with_taskflow_api.py took 0.144 seconds
[2025-10-23T20:48:36.896+0000] {processor.py:186} INFO - Started process (PID=2587) to work on /opt/airflow/dags/dag_with_taskflow_api.py
[2025-10-23T20:48:36.897+0000] {processor.py:914} INFO - Processing file /opt/airflow/dags/dag_with_taskflow_api.py for tasks to queue
[2025-10-23T20:48:36.899+0000] {logging_mixin.py:190} INFO - [2025-10-23T20:48:36.898+0000] {dagbag.py:588} INFO - Filling up the DagBag from /opt/airflow/dags/dag_with_taskflow_api.py
[2025-10-23T20:48:36.920+0000] {processor.py:925} INFO - DAG(s) 'dag_with_taskflow_api_v1' retrieved from /opt/airflow/dags/dag_with_taskflow_api.py
[2025-10-23T20:48:36.953+0000] {logging_mixin.py:190} INFO - [2025-10-23T20:48:36.950+0000] {dag.py:3239} INFO - Sync 1 DAGs
[2025-10-23T20:48:36.981+0000] {logging_mixin.py:190} INFO - [2025-10-23T20:48:36.981+0000] {dag.py:4180} INFO - Setting next_dagrun for dag_with_taskflow_api_v1 to 2025-10-23 00:00:00+00:00, run_after=2025-10-24 00:00:00+00:00
[2025-10-23T20:48:37.008+0000] {processor.py:208} INFO - Processing /opt/airflow/dags/dag_with_taskflow_api.py took 0.120 seconds
[2025-10-23T20:49:07.527+0000] {processor.py:186} INFO - Started process (PID=2602) to work on /opt/airflow/dags/dag_with_taskflow_api.py
[2025-10-23T20:49:07.529+0000] {processor.py:914} INFO - Processing file /opt/airflow/dags/dag_with_taskflow_api.py for tasks to queue
[2025-10-23T20:49:07.530+0000] {logging_mixin.py:190} INFO - [2025-10-23T20:49:07.530+0000] {dagbag.py:588} INFO - Filling up the DagBag from /opt/airflow/dags/dag_with_taskflow_api.py
[2025-10-23T20:49:07.563+0000] {processor.py:925} INFO - DAG(s) 'dag_with_taskflow_api_v1' retrieved from /opt/airflow/dags/dag_with_taskflow_api.py
[2025-10-23T20:49:07.629+0000] {logging_mixin.py:190} INFO - [2025-10-23T20:49:07.628+0000] {dag.py:3239} INFO - Sync 1 DAGs
[2025-10-23T20:49:07.674+0000] {logging_mixin.py:190} INFO - [2025-10-23T20:49:07.674+0000] {dag.py:4180} INFO - Setting next_dagrun for dag_with_taskflow_api_v1 to 2025-10-23 00:00:00+00:00, run_after=2025-10-24 00:00:00+00:00
[2025-10-23T20:49:07.705+0000] {processor.py:208} INFO - Processing /opt/airflow/dags/dag_with_taskflow_api.py took 0.185 seconds
[2025-10-23T20:49:27.990+0000] {processor.py:186} INFO - Started process (PID=2604) to work on /opt/airflow/dags/dag_with_taskflow_api.py
[2025-10-23T20:49:27.992+0000] {processor.py:914} INFO - Processing file /opt/airflow/dags/dag_with_taskflow_api.py for tasks to queue
[2025-10-23T20:49:27.993+0000] {logging_mixin.py:190} INFO - [2025-10-23T20:49:27.993+0000] {dagbag.py:588} INFO - Filling up the DagBag from /opt/airflow/dags/dag_with_taskflow_api.py
[2025-10-23T20:49:28.036+0000] {processor.py:925} INFO - DAG(s) 'dag_with_taskflow_api_v1' retrieved from /opt/airflow/dags/dag_with_taskflow_api.py
[2025-10-23T20:49:28.285+0000] {logging_mixin.py:190} INFO - [2025-10-23T20:49:28.285+0000] {dag.py:3239} INFO - Sync 1 DAGs
[2025-10-23T20:49:28.316+0000] {logging_mixin.py:190} INFO - [2025-10-23T20:49:28.315+0000] {dag.py:4180} INFO - Setting next_dagrun for dag_with_taskflow_api_v1 to 2025-10-23 00:00:00+00:00, run_after=2025-10-24 00:00:00+00:00
[2025-10-23T20:49:28.351+0000] {processor.py:208} INFO - Processing /opt/airflow/dags/dag_with_taskflow_api.py took 0.368 seconds
[2025-10-23T20:49:31.127+0000] {processor.py:186} INFO - Started process (PID=2605) to work on /opt/airflow/dags/dag_with_taskflow_api.py
[2025-10-23T20:49:31.128+0000] {processor.py:914} INFO - Processing file /opt/airflow/dags/dag_with_taskflow_api.py for tasks to queue
[2025-10-23T20:49:31.131+0000] {logging_mixin.py:190} INFO - [2025-10-23T20:49:31.130+0000] {dagbag.py:588} INFO - Filling up the DagBag from /opt/airflow/dags/dag_with_taskflow_api.py
[2025-10-23T20:49:31.198+0000] {processor.py:925} INFO - DAG(s) 'dag_with_taskflow_api_v2' retrieved from /opt/airflow/dags/dag_with_taskflow_api.py
[2025-10-23T20:49:31.556+0000] {logging_mixin.py:190} INFO - [2025-10-23T20:49:31.549+0000] {override.py:1911} INFO - Created Permission View: can read on DAG:dag_with_taskflow_api_v2
[2025-10-23T20:49:31.581+0000] {logging_mixin.py:190} INFO - [2025-10-23T20:49:31.580+0000] {override.py:1911} INFO - Created Permission View: can delete on DAG:dag_with_taskflow_api_v2
[2025-10-23T20:49:31.600+0000] {logging_mixin.py:190} INFO - [2025-10-23T20:49:31.599+0000] {override.py:1911} INFO - Created Permission View: can edit on DAG:dag_with_taskflow_api_v2
[2025-10-23T20:49:31.625+0000] {logging_mixin.py:190} INFO - [2025-10-23T20:49:31.622+0000] {override.py:1911} INFO - Created Permission View: can read on DAG Run:dag_with_taskflow_api_v2
[2025-10-23T20:49:31.645+0000] {logging_mixin.py:190} INFO - [2025-10-23T20:49:31.644+0000] {override.py:1911} INFO - Created Permission View: can delete on DAG Run:dag_with_taskflow_api_v2
[2025-10-23T20:49:31.665+0000] {logging_mixin.py:190} INFO - [2025-10-23T20:49:31.664+0000] {override.py:1911} INFO - Created Permission View: can create on DAG Run:dag_with_taskflow_api_v2
[2025-10-23T20:49:31.682+0000] {logging_mixin.py:190} INFO - [2025-10-23T20:49:31.681+0000] {override.py:1911} INFO - Created Permission View: menu access on DAG Run:dag_with_taskflow_api_v2
[2025-10-23T20:49:31.692+0000] {logging_mixin.py:190} INFO - [2025-10-23T20:49:31.692+0000] {dag.py:3239} INFO - Sync 1 DAGs
[2025-10-23T20:49:31.739+0000] {logging_mixin.py:190} INFO - [2025-10-23T20:49:31.739+0000] {dag.py:3262} INFO - Creating ORM DAG for dag_with_taskflow_api_v2
[2025-10-23T20:49:31.769+0000] {logging_mixin.py:190} INFO - [2025-10-23T20:49:31.768+0000] {dag.py:4180} INFO - Setting next_dagrun for dag_with_taskflow_api_v2 to 2025-10-23 00:00:00+00:00, run_after=2025-10-24 00:00:00+00:00
[2025-10-23T20:49:31.822+0000] {processor.py:208} INFO - Processing /opt/airflow/dags/dag_with_taskflow_api.py took 0.705 seconds
[2025-10-23T20:50:02.214+0000] {processor.py:186} INFO - Started process (PID=2618) to work on /opt/airflow/dags/dag_with_taskflow_api.py
[2025-10-23T20:50:02.216+0000] {processor.py:914} INFO - Processing file /opt/airflow/dags/dag_with_taskflow_api.py for tasks to queue
[2025-10-23T20:50:02.218+0000] {logging_mixin.py:190} INFO - [2025-10-23T20:50:02.217+0000] {dagbag.py:588} INFO - Filling up the DagBag from /opt/airflow/dags/dag_with_taskflow_api.py
[2025-10-23T20:50:02.252+0000] {processor.py:925} INFO - DAG(s) 'dag_with_taskflow_api_v2' retrieved from /opt/airflow/dags/dag_with_taskflow_api.py
[2025-10-23T20:50:02.306+0000] {logging_mixin.py:190} INFO - [2025-10-23T20:50:02.305+0000] {dag.py:3239} INFO - Sync 1 DAGs
[2025-10-23T20:50:02.359+0000] {logging_mixin.py:190} INFO - [2025-10-23T20:50:02.358+0000] {dag.py:4180} INFO - Setting next_dagrun for dag_with_taskflow_api_v2 to 2025-10-23 00:00:00+00:00, run_after=2025-10-24 00:00:00+00:00
[2025-10-23T20:50:02.399+0000] {processor.py:208} INFO - Processing /opt/airflow/dags/dag_with_taskflow_api.py took 0.197 seconds
[2025-10-23T20:50:32.799+0000] {processor.py:186} INFO - Started process (PID=2627) to work on /opt/airflow/dags/dag_with_taskflow_api.py
[2025-10-23T20:50:32.800+0000] {processor.py:914} INFO - Processing file /opt/airflow/dags/dag_with_taskflow_api.py for tasks to queue
[2025-10-23T20:50:32.803+0000] {logging_mixin.py:190} INFO - [2025-10-23T20:50:32.802+0000] {dagbag.py:588} INFO - Filling up the DagBag from /opt/airflow/dags/dag_with_taskflow_api.py
[2025-10-23T20:50:32.833+0000] {processor.py:925} INFO - DAG(s) 'dag_with_taskflow_api_v2' retrieved from /opt/airflow/dags/dag_with_taskflow_api.py
[2025-10-23T20:50:32.875+0000] {logging_mixin.py:190} INFO - [2025-10-23T20:50:32.874+0000] {dag.py:3239} INFO - Sync 1 DAGs
[2025-10-23T20:50:32.924+0000] {logging_mixin.py:190} INFO - [2025-10-23T20:50:32.924+0000] {dag.py:4180} INFO - Setting next_dagrun for dag_with_taskflow_api_v2 to 2025-10-23 00:00:00+00:00, run_after=2025-10-24 00:00:00+00:00
[2025-10-23T20:50:32.960+0000] {processor.py:208} INFO - Processing /opt/airflow/dags/dag_with_taskflow_api.py took 0.173 seconds
[2025-10-23T20:51:03.204+0000] {processor.py:186} INFO - Started process (PID=2636) to work on /opt/airflow/dags/dag_with_taskflow_api.py
[2025-10-23T20:51:03.205+0000] {processor.py:914} INFO - Processing file /opt/airflow/dags/dag_with_taskflow_api.py for tasks to queue
[2025-10-23T20:51:03.207+0000] {logging_mixin.py:190} INFO - [2025-10-23T20:51:03.207+0000] {dagbag.py:588} INFO - Filling up the DagBag from /opt/airflow/dags/dag_with_taskflow_api.py
[2025-10-23T20:51:03.235+0000] {processor.py:925} INFO - DAG(s) 'dag_with_taskflow_api_v2' retrieved from /opt/airflow/dags/dag_with_taskflow_api.py
[2025-10-23T20:51:03.274+0000] {logging_mixin.py:190} INFO - [2025-10-23T20:51:03.273+0000] {dag.py:3239} INFO - Sync 1 DAGs
[2025-10-23T20:51:03.318+0000] {logging_mixin.py:190} INFO - [2025-10-23T20:51:03.317+0000] {dag.py:4180} INFO - Setting next_dagrun for dag_with_taskflow_api_v2 to 2025-10-23 00:00:00+00:00, run_after=2025-10-24 00:00:00+00:00
[2025-10-23T20:51:03.395+0000] {processor.py:208} INFO - Processing /opt/airflow/dags/dag_with_taskflow_api.py took 0.198 seconds
[2025-10-23T20:51:33.874+0000] {processor.py:186} INFO - Started process (PID=2646) to work on /opt/airflow/dags/dag_with_taskflow_api.py
[2025-10-23T20:51:33.883+0000] {processor.py:914} INFO - Processing file /opt/airflow/dags/dag_with_taskflow_api.py for tasks to queue
[2025-10-23T20:51:33.886+0000] {logging_mixin.py:190} INFO - [2025-10-23T20:51:33.885+0000] {dagbag.py:588} INFO - Filling up the DagBag from /opt/airflow/dags/dag_with_taskflow_api.py
[2025-10-23T20:51:33.923+0000] {processor.py:925} INFO - DAG(s) 'dag_with_taskflow_api_v2' retrieved from /opt/airflow/dags/dag_with_taskflow_api.py
[2025-10-23T20:51:33.975+0000] {logging_mixin.py:190} INFO - [2025-10-23T20:51:33.974+0000] {dag.py:3239} INFO - Sync 1 DAGs
[2025-10-23T20:51:34.022+0000] {logging_mixin.py:190} INFO - [2025-10-23T20:51:34.021+0000] {dag.py:4180} INFO - Setting next_dagrun for dag_with_taskflow_api_v2 to 2025-10-23 00:00:00+00:00, run_after=2025-10-24 00:00:00+00:00
[2025-10-23T20:51:34.055+0000] {processor.py:208} INFO - Processing /opt/airflow/dags/dag_with_taskflow_api.py took 0.193 seconds
[2025-10-23T20:52:04.448+0000] {processor.py:186} INFO - Started process (PID=2659) to work on /opt/airflow/dags/dag_with_taskflow_api.py
[2025-10-23T20:52:04.449+0000] {processor.py:914} INFO - Processing file /opt/airflow/dags/dag_with_taskflow_api.py for tasks to queue
[2025-10-23T20:52:04.451+0000] {logging_mixin.py:190} INFO - [2025-10-23T20:52:04.451+0000] {dagbag.py:588} INFO - Filling up the DagBag from /opt/airflow/dags/dag_with_taskflow_api.py
[2025-10-23T20:52:04.474+0000] {processor.py:925} INFO - DAG(s) 'dag_with_taskflow_api_v2' retrieved from /opt/airflow/dags/dag_with_taskflow_api.py
[2025-10-23T20:52:04.505+0000] {logging_mixin.py:190} INFO - [2025-10-23T20:52:04.504+0000] {dag.py:3239} INFO - Sync 1 DAGs
[2025-10-23T20:52:04.546+0000] {logging_mixin.py:190} INFO - [2025-10-23T20:52:04.546+0000] {dag.py:4180} INFO - Setting next_dagrun for dag_with_taskflow_api_v2 to 2025-10-23 00:00:00+00:00, run_after=2025-10-24 00:00:00+00:00
[2025-10-23T20:52:04.574+0000] {processor.py:208} INFO - Processing /opt/airflow/dags/dag_with_taskflow_api.py took 0.135 seconds
[2025-10-23T20:52:34.921+0000] {processor.py:186} INFO - Started process (PID=2668) to work on /opt/airflow/dags/dag_with_taskflow_api.py
[2025-10-23T20:52:34.922+0000] {processor.py:914} INFO - Processing file /opt/airflow/dags/dag_with_taskflow_api.py for tasks to queue
[2025-10-23T20:52:34.928+0000] {logging_mixin.py:190} INFO - [2025-10-23T20:52:34.928+0000] {dagbag.py:588} INFO - Filling up the DagBag from /opt/airflow/dags/dag_with_taskflow_api.py
[2025-10-23T20:52:34.952+0000] {processor.py:925} INFO - DAG(s) 'dag_with_taskflow_api_v2' retrieved from /opt/airflow/dags/dag_with_taskflow_api.py
[2025-10-23T20:52:34.982+0000] {logging_mixin.py:190} INFO - [2025-10-23T20:52:34.982+0000] {dag.py:3239} INFO - Sync 1 DAGs
[2025-10-23T20:52:35.015+0000] {logging_mixin.py:190} INFO - [2025-10-23T20:52:35.015+0000] {dag.py:4180} INFO - Setting next_dagrun for dag_with_taskflow_api_v2 to 2025-10-23 00:00:00+00:00, run_after=2025-10-24 00:00:00+00:00
[2025-10-23T20:52:35.040+0000] {processor.py:208} INFO - Processing /opt/airflow/dags/dag_with_taskflow_api.py took 0.127 seconds
[2025-10-23T20:53:05.370+0000] {processor.py:186} INFO - Started process (PID=2677) to work on /opt/airflow/dags/dag_with_taskflow_api.py
[2025-10-23T20:53:05.371+0000] {processor.py:914} INFO - Processing file /opt/airflow/dags/dag_with_taskflow_api.py for tasks to queue
[2025-10-23T20:53:05.373+0000] {logging_mixin.py:190} INFO - [2025-10-23T20:53:05.373+0000] {dagbag.py:588} INFO - Filling up the DagBag from /opt/airflow/dags/dag_with_taskflow_api.py
[2025-10-23T20:53:05.396+0000] {processor.py:925} INFO - DAG(s) 'dag_with_taskflow_api_v2' retrieved from /opt/airflow/dags/dag_with_taskflow_api.py
[2025-10-23T20:53:05.443+0000] {logging_mixin.py:190} INFO - [2025-10-23T20:53:05.443+0000] {dag.py:3239} INFO - Sync 1 DAGs
[2025-10-23T20:53:05.490+0000] {logging_mixin.py:190} INFO - [2025-10-23T20:53:05.489+0000] {dag.py:4180} INFO - Setting next_dagrun for dag_with_taskflow_api_v2 to 2025-10-23 00:00:00+00:00, run_after=2025-10-24 00:00:00+00:00
[2025-10-23T20:53:05.521+0000] {processor.py:208} INFO - Processing /opt/airflow/dags/dag_with_taskflow_api.py took 0.158 seconds
[2025-10-23T20:53:16.704+0000] {processor.py:186} INFO - Started process (PID=2685) to work on /opt/airflow/dags/dag_with_taskflow_api.py
[2025-10-23T20:53:16.706+0000] {processor.py:914} INFO - Processing file /opt/airflow/dags/dag_with_taskflow_api.py for tasks to queue
[2025-10-23T20:53:16.709+0000] {logging_mixin.py:190} INFO - [2025-10-23T20:53:16.708+0000] {dagbag.py:588} INFO - Filling up the DagBag from /opt/airflow/dags/dag_with_taskflow_api.py
[2025-10-23T20:53:16.745+0000] {processor.py:925} INFO - DAG(s) 'dag_with_taskflow_api_v2' retrieved from /opt/airflow/dags/dag_with_taskflow_api.py
[2025-10-23T20:53:16.780+0000] {logging_mixin.py:190} INFO - [2025-10-23T20:53:16.779+0000] {dag.py:3239} INFO - Sync 1 DAGs
[2025-10-23T20:53:16.809+0000] {logging_mixin.py:190} INFO - [2025-10-23T20:53:16.809+0000] {dag.py:4180} INFO - Setting next_dagrun for dag_with_taskflow_api_v2 to 2025-10-23 00:00:00+00:00, run_after=2025-10-24 00:00:00+00:00
[2025-10-23T20:53:16.841+0000] {processor.py:208} INFO - Processing /opt/airflow/dags/dag_with_taskflow_api.py took 0.148 seconds
[2025-10-23T20:53:47.207+0000] {processor.py:186} INFO - Started process (PID=2694) to work on /opt/airflow/dags/dag_with_taskflow_api.py
[2025-10-23T20:53:47.209+0000] {processor.py:914} INFO - Processing file /opt/airflow/dags/dag_with_taskflow_api.py for tasks to queue
[2025-10-23T20:53:47.211+0000] {logging_mixin.py:190} INFO - [2025-10-23T20:53:47.211+0000] {dagbag.py:588} INFO - Filling up the DagBag from /opt/airflow/dags/dag_with_taskflow_api.py
[2025-10-23T20:53:47.237+0000] {processor.py:925} INFO - DAG(s) 'dag_with_taskflow_api_v2' retrieved from /opt/airflow/dags/dag_with_taskflow_api.py
[2025-10-23T20:53:47.270+0000] {logging_mixin.py:190} INFO - [2025-10-23T20:53:47.270+0000] {dag.py:3239} INFO - Sync 1 DAGs
[2025-10-23T20:53:47.294+0000] {logging_mixin.py:190} INFO - [2025-10-23T20:53:47.294+0000] {dag.py:4180} INFO - Setting next_dagrun for dag_with_taskflow_api_v2 to 2025-10-23 00:00:00+00:00, run_after=2025-10-24 00:00:00+00:00
[2025-10-23T20:53:47.321+0000] {processor.py:208} INFO - Processing /opt/airflow/dags/dag_with_taskflow_api.py took 0.122 seconds
[2025-10-23T20:54:17.728+0000] {processor.py:186} INFO - Started process (PID=2703) to work on /opt/airflow/dags/dag_with_taskflow_api.py
[2025-10-23T20:54:17.730+0000] {processor.py:914} INFO - Processing file /opt/airflow/dags/dag_with_taskflow_api.py for tasks to queue
[2025-10-23T20:54:17.732+0000] {logging_mixin.py:190} INFO - [2025-10-23T20:54:17.731+0000] {dagbag.py:588} INFO - Filling up the DagBag from /opt/airflow/dags/dag_with_taskflow_api.py
[2025-10-23T20:54:17.769+0000] {processor.py:925} INFO - DAG(s) 'dag_with_taskflow_api_v2' retrieved from /opt/airflow/dags/dag_with_taskflow_api.py
[2025-10-23T20:54:17.813+0000] {logging_mixin.py:190} INFO - [2025-10-23T20:54:17.812+0000] {dag.py:3239} INFO - Sync 1 DAGs
[2025-10-23T20:54:17.860+0000] {logging_mixin.py:190} INFO - [2025-10-23T20:54:17.860+0000] {dag.py:4180} INFO - Setting next_dagrun for dag_with_taskflow_api_v2 to 2025-10-23 00:00:00+00:00, run_after=2025-10-24 00:00:00+00:00
[2025-10-23T20:54:17.900+0000] {processor.py:208} INFO - Processing /opt/airflow/dags/dag_with_taskflow_api.py took 0.185 seconds
[2025-10-23T20:54:48.449+0000] {processor.py:186} INFO - Started process (PID=2712) to work on /opt/airflow/dags/dag_with_taskflow_api.py
[2025-10-23T20:54:48.453+0000] {processor.py:914} INFO - Processing file /opt/airflow/dags/dag_with_taskflow_api.py for tasks to queue
[2025-10-23T20:54:48.459+0000] {logging_mixin.py:190} INFO - [2025-10-23T20:54:48.457+0000] {dagbag.py:588} INFO - Filling up the DagBag from /opt/airflow/dags/dag_with_taskflow_api.py
[2025-10-23T20:54:48.502+0000] {processor.py:925} INFO - DAG(s) 'dag_with_taskflow_api_v2' retrieved from /opt/airflow/dags/dag_with_taskflow_api.py
[2025-10-23T20:54:48.549+0000] {logging_mixin.py:190} INFO - [2025-10-23T20:54:48.548+0000] {dag.py:3239} INFO - Sync 1 DAGs
[2025-10-23T20:54:48.593+0000] {logging_mixin.py:190} INFO - [2025-10-23T20:54:48.593+0000] {dag.py:4180} INFO - Setting next_dagrun for dag_with_taskflow_api_v2 to 2025-10-23 00:00:00+00:00, run_after=2025-10-24 00:00:00+00:00
[2025-10-23T20:54:48.619+0000] {processor.py:208} INFO - Processing /opt/airflow/dags/dag_with_taskflow_api.py took 0.178 seconds
[2025-10-23T20:54:52.609+0000] {processor.py:186} INFO - Started process (PID=2713) to work on /opt/airflow/dags/dag_with_taskflow_api.py
[2025-10-23T20:54:52.610+0000] {processor.py:914} INFO - Processing file /opt/airflow/dags/dag_with_taskflow_api.py for tasks to queue
[2025-10-23T20:54:52.612+0000] {logging_mixin.py:190} INFO - [2025-10-23T20:54:52.612+0000] {dagbag.py:588} INFO - Filling up the DagBag from /opt/airflow/dags/dag_with_taskflow_api.py
[2025-10-23T20:54:52.658+0000] {processor.py:925} INFO - DAG(s) 'dag_with_taskflow_api_v2' retrieved from /opt/airflow/dags/dag_with_taskflow_api.py
[2025-10-23T20:54:52.695+0000] {logging_mixin.py:190} INFO - [2025-10-23T20:54:52.694+0000] {dag.py:3239} INFO - Sync 1 DAGs
[2025-10-23T20:54:52.735+0000] {logging_mixin.py:190} INFO - [2025-10-23T20:54:52.734+0000] {dag.py:4180} INFO - Setting next_dagrun for dag_with_taskflow_api_v2 to 2025-10-23 00:00:00+00:00, run_after=2025-10-24 00:00:00+00:00
[2025-10-23T20:54:52.771+0000] {processor.py:208} INFO - Processing /opt/airflow/dags/dag_with_taskflow_api.py took 0.171 seconds
[2025-10-23T20:55:23.320+0000] {processor.py:186} INFO - Started process (PID=2726) to work on /opt/airflow/dags/dag_with_taskflow_api.py
[2025-10-23T20:55:23.322+0000] {processor.py:914} INFO - Processing file /opt/airflow/dags/dag_with_taskflow_api.py for tasks to queue
[2025-10-23T20:55:23.324+0000] {logging_mixin.py:190} INFO - [2025-10-23T20:55:23.324+0000] {dagbag.py:588} INFO - Filling up the DagBag from /opt/airflow/dags/dag_with_taskflow_api.py
[2025-10-23T20:55:23.361+0000] {processor.py:925} INFO - DAG(s) 'dag_with_taskflow_api_v2' retrieved from /opt/airflow/dags/dag_with_taskflow_api.py
[2025-10-23T20:55:23.404+0000] {logging_mixin.py:190} INFO - [2025-10-23T20:55:23.404+0000] {dag.py:3239} INFO - Sync 1 DAGs
[2025-10-23T20:55:23.433+0000] {logging_mixin.py:190} INFO - [2025-10-23T20:55:23.432+0000] {dag.py:4180} INFO - Setting next_dagrun for dag_with_taskflow_api_v2 to 2025-10-23 00:00:00+00:00, run_after=2025-10-24 00:00:00+00:00
[2025-10-23T20:55:23.451+0000] {processor.py:208} INFO - Processing /opt/airflow/dags/dag_with_taskflow_api.py took 0.141 seconds
[2025-10-23T20:55:53.865+0000] {processor.py:186} INFO - Started process (PID=2735) to work on /opt/airflow/dags/dag_with_taskflow_api.py
[2025-10-23T20:55:53.866+0000] {processor.py:914} INFO - Processing file /opt/airflow/dags/dag_with_taskflow_api.py for tasks to queue
[2025-10-23T20:55:53.868+0000] {logging_mixin.py:190} INFO - [2025-10-23T20:55:53.867+0000] {dagbag.py:588} INFO - Filling up the DagBag from /opt/airflow/dags/dag_with_taskflow_api.py
[2025-10-23T20:55:53.894+0000] {processor.py:925} INFO - DAG(s) 'dag_with_taskflow_api_v2' retrieved from /opt/airflow/dags/dag_with_taskflow_api.py
[2025-10-23T20:55:53.927+0000] {logging_mixin.py:190} INFO - [2025-10-23T20:55:53.926+0000] {dag.py:3239} INFO - Sync 1 DAGs
[2025-10-23T20:55:53.956+0000] {logging_mixin.py:190} INFO - [2025-10-23T20:55:53.956+0000] {dag.py:4180} INFO - Setting next_dagrun for dag_with_taskflow_api_v2 to 2025-10-23 00:00:00+00:00, run_after=2025-10-24 00:00:00+00:00
[2025-10-23T20:55:53.982+0000] {processor.py:208} INFO - Processing /opt/airflow/dags/dag_with_taskflow_api.py took 0.124 seconds
[2025-10-23T20:56:24.559+0000] {processor.py:186} INFO - Started process (PID=2744) to work on /opt/airflow/dags/dag_with_taskflow_api.py
[2025-10-23T20:56:24.560+0000] {processor.py:914} INFO - Processing file /opt/airflow/dags/dag_with_taskflow_api.py for tasks to queue
[2025-10-23T20:56:24.563+0000] {logging_mixin.py:190} INFO - [2025-10-23T20:56:24.563+0000] {dagbag.py:588} INFO - Filling up the DagBag from /opt/airflow/dags/dag_with_taskflow_api.py
[2025-10-23T20:56:24.587+0000] {processor.py:925} INFO - DAG(s) 'dag_with_taskflow_api_v2' retrieved from /opt/airflow/dags/dag_with_taskflow_api.py
[2025-10-23T20:56:24.617+0000] {logging_mixin.py:190} INFO - [2025-10-23T20:56:24.616+0000] {dag.py:3239} INFO - Sync 1 DAGs
[2025-10-23T20:56:24.646+0000] {logging_mixin.py:190} INFO - [2025-10-23T20:56:24.646+0000] {dag.py:4180} INFO - Setting next_dagrun for dag_with_taskflow_api_v2 to 2025-10-23 00:00:00+00:00, run_after=2025-10-24 00:00:00+00:00
[2025-10-23T20:56:24.672+0000] {processor.py:208} INFO - Processing /opt/airflow/dags/dag_with_taskflow_api.py took 0.121 seconds
[2025-10-23T20:56:55.078+0000] {processor.py:186} INFO - Started process (PID=2753) to work on /opt/airflow/dags/dag_with_taskflow_api.py
[2025-10-23T20:56:55.089+0000] {processor.py:914} INFO - Processing file /opt/airflow/dags/dag_with_taskflow_api.py for tasks to queue
[2025-10-23T20:56:55.091+0000] {logging_mixin.py:190} INFO - [2025-10-23T20:56:55.090+0000] {dagbag.py:588} INFO - Filling up the DagBag from /opt/airflow/dags/dag_with_taskflow_api.py
[2025-10-23T20:56:55.118+0000] {processor.py:925} INFO - DAG(s) 'dag_with_taskflow_api_v2' retrieved from /opt/airflow/dags/dag_with_taskflow_api.py
[2025-10-23T20:56:55.149+0000] {logging_mixin.py:190} INFO - [2025-10-23T20:56:55.149+0000] {dag.py:3239} INFO - Sync 1 DAGs
[2025-10-23T20:56:55.178+0000] {logging_mixin.py:190} INFO - [2025-10-23T20:56:55.178+0000] {dag.py:4180} INFO - Setting next_dagrun for dag_with_taskflow_api_v2 to 2025-10-23 00:00:00+00:00, run_after=2025-10-24 00:00:00+00:00
[2025-10-23T20:56:55.204+0000] {processor.py:208} INFO - Processing /opt/airflow/dags/dag_with_taskflow_api.py took 0.134 seconds
[2025-10-23T20:57:00.153+0000] {processor.py:186} INFO - Started process (PID=2755) to work on /opt/airflow/dags/dag_with_taskflow_api.py
[2025-10-23T20:57:00.154+0000] {processor.py:914} INFO - Processing file /opt/airflow/dags/dag_with_taskflow_api.py for tasks to queue
[2025-10-23T20:57:00.156+0000] {logging_mixin.py:190} INFO - [2025-10-23T20:57:00.155+0000] {dagbag.py:588} INFO - Filling up the DagBag from /opt/airflow/dags/dag_with_taskflow_api.py
[2025-10-23T20:57:00.187+0000] {processor.py:925} INFO - DAG(s) 'dag_with_taskflow_api_v2' retrieved from /opt/airflow/dags/dag_with_taskflow_api.py
[2025-10-23T20:57:00.512+0000] {logging_mixin.py:190} INFO - [2025-10-23T20:57:00.511+0000] {dag.py:3239} INFO - Sync 1 DAGs
[2025-10-23T20:57:00.561+0000] {logging_mixin.py:190} INFO - [2025-10-23T20:57:00.560+0000] {dag.py:4180} INFO - Setting next_dagrun for dag_with_taskflow_api_v2 to 2025-10-23 00:00:00+00:00, run_after=2025-10-24 00:00:00+00:00
[2025-10-23T20:57:00.593+0000] {processor.py:208} INFO - Processing /opt/airflow/dags/dag_with_taskflow_api.py took 0.449 seconds
[2025-10-23T20:57:30.813+0000] {processor.py:186} INFO - Started process (PID=2768) to work on /opt/airflow/dags/dag_with_taskflow_api.py
[2025-10-23T20:57:30.816+0000] {processor.py:914} INFO - Processing file /opt/airflow/dags/dag_with_taskflow_api.py for tasks to queue
[2025-10-23T20:57:30.822+0000] {logging_mixin.py:190} INFO - [2025-10-23T20:57:30.820+0000] {dagbag.py:588} INFO - Filling up the DagBag from /opt/airflow/dags/dag_with_taskflow_api.py
[2025-10-23T20:57:30.863+0000] {processor.py:925} INFO - DAG(s) 'dag_with_taskflow_api_v2' retrieved from /opt/airflow/dags/dag_with_taskflow_api.py
[2025-10-23T20:57:30.919+0000] {logging_mixin.py:190} INFO - [2025-10-23T20:57:30.918+0000] {dag.py:3239} INFO - Sync 1 DAGs
[2025-10-23T20:57:30.957+0000] {logging_mixin.py:190} INFO - [2025-10-23T20:57:30.956+0000] {dag.py:4180} INFO - Setting next_dagrun for dag_with_taskflow_api_v2 to 2025-10-23 00:00:00+00:00, run_after=2025-10-24 00:00:00+00:00
[2025-10-23T20:57:31.004+0000] {processor.py:208} INFO - Processing /opt/airflow/dags/dag_with_taskflow_api.py took 0.200 seconds
[2025-10-23T20:58:01.163+0000] {processor.py:186} INFO - Started process (PID=2777) to work on /opt/airflow/dags/dag_with_taskflow_api.py
[2025-10-23T20:58:01.164+0000] {processor.py:914} INFO - Processing file /opt/airflow/dags/dag_with_taskflow_api.py for tasks to queue
[2025-10-23T20:58:01.165+0000] {logging_mixin.py:190} INFO - [2025-10-23T20:58:01.165+0000] {dagbag.py:588} INFO - Filling up the DagBag from /opt/airflow/dags/dag_with_taskflow_api.py
[2025-10-23T20:58:01.186+0000] {processor.py:925} INFO - DAG(s) 'dag_with_taskflow_api_v2' retrieved from /opt/airflow/dags/dag_with_taskflow_api.py
[2025-10-23T20:58:01.213+0000] {logging_mixin.py:190} INFO - [2025-10-23T20:58:01.213+0000] {dag.py:3239} INFO - Sync 1 DAGs
[2025-10-23T20:58:01.239+0000] {logging_mixin.py:190} INFO - [2025-10-23T20:58:01.239+0000] {dag.py:4180} INFO - Setting next_dagrun for dag_with_taskflow_api_v2 to 2025-10-23 00:00:00+00:00, run_after=2025-10-24 00:00:00+00:00
[2025-10-23T20:58:01.263+0000] {processor.py:208} INFO - Processing /opt/airflow/dags/dag_with_taskflow_api.py took 0.107 seconds
[2025-10-23T20:58:31.674+0000] {processor.py:186} INFO - Started process (PID=2786) to work on /opt/airflow/dags/dag_with_taskflow_api.py
[2025-10-23T20:58:31.675+0000] {processor.py:914} INFO - Processing file /opt/airflow/dags/dag_with_taskflow_api.py for tasks to queue
[2025-10-23T20:58:31.681+0000] {logging_mixin.py:190} INFO - [2025-10-23T20:58:31.679+0000] {dagbag.py:588} INFO - Filling up the DagBag from /opt/airflow/dags/dag_with_taskflow_api.py
[2025-10-23T20:58:31.705+0000] {processor.py:925} INFO - DAG(s) 'dag_with_taskflow_api_v2' retrieved from /opt/airflow/dags/dag_with_taskflow_api.py
[2025-10-23T20:58:31.740+0000] {logging_mixin.py:190} INFO - [2025-10-23T20:58:31.739+0000] {dag.py:3239} INFO - Sync 1 DAGs
[2025-10-23T20:58:31.770+0000] {logging_mixin.py:190} INFO - [2025-10-23T20:58:31.770+0000] {dag.py:4180} INFO - Setting next_dagrun for dag_with_taskflow_api_v2 to 2025-10-23 00:00:00+00:00, run_after=2025-10-24 00:00:00+00:00
[2025-10-23T20:58:31.797+0000] {processor.py:208} INFO - Processing /opt/airflow/dags/dag_with_taskflow_api.py took 0.129 seconds
[2025-10-23T20:59:02.142+0000] {processor.py:186} INFO - Started process (PID=2795) to work on /opt/airflow/dags/dag_with_taskflow_api.py
[2025-10-23T20:59:02.143+0000] {processor.py:914} INFO - Processing file /opt/airflow/dags/dag_with_taskflow_api.py for tasks to queue
[2025-10-23T20:59:02.146+0000] {logging_mixin.py:190} INFO - [2025-10-23T20:59:02.145+0000] {dagbag.py:588} INFO - Filling up the DagBag from /opt/airflow/dags/dag_with_taskflow_api.py
[2025-10-23T20:59:02.171+0000] {processor.py:925} INFO - DAG(s) 'dag_with_taskflow_api_v2' retrieved from /opt/airflow/dags/dag_with_taskflow_api.py
[2025-10-23T20:59:02.205+0000] {logging_mixin.py:190} INFO - [2025-10-23T20:59:02.204+0000] {dag.py:3239} INFO - Sync 1 DAGs
[2025-10-23T20:59:02.230+0000] {logging_mixin.py:190} INFO - [2025-10-23T20:59:02.229+0000] {dag.py:4180} INFO - Setting next_dagrun for dag_with_taskflow_api_v2 to 2025-10-23 00:00:00+00:00, run_after=2025-10-24 00:00:00+00:00
[2025-10-23T20:59:02.258+0000] {processor.py:208} INFO - Processing /opt/airflow/dags/dag_with_taskflow_api.py took 0.125 seconds
[2025-10-23T20:59:23.604+0000] {processor.py:186} INFO - Started process (PID=2803) to work on /opt/airflow/dags/dag_with_taskflow_api.py
[2025-10-23T20:59:23.606+0000] {processor.py:914} INFO - Processing file /opt/airflow/dags/dag_with_taskflow_api.py for tasks to queue
[2025-10-23T20:59:23.608+0000] {logging_mixin.py:190} INFO - [2025-10-23T20:59:23.607+0000] {dagbag.py:588} INFO - Filling up the DagBag from /opt/airflow/dags/dag_with_taskflow_api.py
[2025-10-23T20:59:23.648+0000] {logging_mixin.py:190} INFO - {{ task_instance.xcom_pull(task_ids='get_name', dag_id='dag_with_taskflow_api_v2', key='return_value') }}
[2025-10-23T20:59:23.658+0000] {processor.py:925} INFO - DAG(s) 'dag_with_taskflow_api_v2' retrieved from /opt/airflow/dags/dag_with_taskflow_api.py
[2025-10-23T20:59:23.693+0000] {logging_mixin.py:190} INFO - [2025-10-23T20:59:23.693+0000] {dag.py:3239} INFO - Sync 1 DAGs
[2025-10-23T20:59:23.738+0000] {logging_mixin.py:190} INFO - [2025-10-23T20:59:23.737+0000] {dag.py:4180} INFO - Setting next_dagrun for dag_with_taskflow_api_v2 to 2025-10-23 00:00:00+00:00, run_after=2025-10-24 00:00:00+00:00
[2025-10-23T20:59:23.776+0000] {processor.py:208} INFO - Processing /opt/airflow/dags/dag_with_taskflow_api.py took 0.182 seconds
[2025-10-23T20:59:54.252+0000] {processor.py:186} INFO - Started process (PID=2816) to work on /opt/airflow/dags/dag_with_taskflow_api.py
[2025-10-23T20:59:54.253+0000] {processor.py:914} INFO - Processing file /opt/airflow/dags/dag_with_taskflow_api.py for tasks to queue
[2025-10-23T20:59:54.254+0000] {logging_mixin.py:190} INFO - [2025-10-23T20:59:54.254+0000] {dagbag.py:588} INFO - Filling up the DagBag from /opt/airflow/dags/dag_with_taskflow_api.py
[2025-10-23T20:59:54.271+0000] {logging_mixin.py:190} INFO - {{ task_instance.xcom_pull(task_ids='get_name', dag_id='dag_with_taskflow_api_v2', key='return_value') }}
[2025-10-23T20:59:54.277+0000] {processor.py:925} INFO - DAG(s) 'dag_with_taskflow_api_v2' retrieved from /opt/airflow/dags/dag_with_taskflow_api.py
[2025-10-23T20:59:54.304+0000] {logging_mixin.py:190} INFO - [2025-10-23T20:59:54.304+0000] {dag.py:3239} INFO - Sync 1 DAGs
[2025-10-23T20:59:54.331+0000] {logging_mixin.py:190} INFO - [2025-10-23T20:59:54.331+0000] {dag.py:4180} INFO - Setting next_dagrun for dag_with_taskflow_api_v2 to 2025-10-23 00:00:00+00:00, run_after=2025-10-24 00:00:00+00:00
[2025-10-23T20:59:54.363+0000] {processor.py:208} INFO - Processing /opt/airflow/dags/dag_with_taskflow_api.py took 0.119 seconds
[2025-10-23T21:00:03.883+0000] {processor.py:186} INFO - Started process (PID=2818) to work on /opt/airflow/dags/dag_with_taskflow_api.py
[2025-10-23T21:00:03.885+0000] {processor.py:914} INFO - Processing file /opt/airflow/dags/dag_with_taskflow_api.py for tasks to queue
[2025-10-23T21:00:03.887+0000] {logging_mixin.py:190} INFO - [2025-10-23T21:00:03.887+0000] {dagbag.py:588} INFO - Filling up the DagBag from /opt/airflow/dags/dag_with_taskflow_api.py
[2025-10-23T21:00:03.926+0000] {processor.py:925} INFO - DAG(s) 'dag_with_taskflow_api_v2' retrieved from /opt/airflow/dags/dag_with_taskflow_api.py
[2025-10-23T21:00:03.962+0000] {logging_mixin.py:190} INFO - [2025-10-23T21:00:03.962+0000] {dag.py:3239} INFO - Sync 1 DAGs
[2025-10-23T21:00:03.993+0000] {logging_mixin.py:190} INFO - [2025-10-23T21:00:03.993+0000] {dag.py:4180} INFO - Setting next_dagrun for dag_with_taskflow_api_v2 to 2025-10-23 00:00:00+00:00, run_after=2025-10-24 00:00:00+00:00
[2025-10-23T21:00:04.025+0000] {processor.py:208} INFO - Processing /opt/airflow/dags/dag_with_taskflow_api.py took 0.150 seconds
[2025-10-23T21:00:34.421+0000] {processor.py:186} INFO - Started process (PID=2827) to work on /opt/airflow/dags/dag_with_taskflow_api.py
[2025-10-23T21:00:34.422+0000] {processor.py:914} INFO - Processing file /opt/airflow/dags/dag_with_taskflow_api.py for tasks to queue
[2025-10-23T21:00:34.424+0000] {logging_mixin.py:190} INFO - [2025-10-23T21:00:34.423+0000] {dagbag.py:588} INFO - Filling up the DagBag from /opt/airflow/dags/dag_with_taskflow_api.py
[2025-10-23T21:00:34.449+0000] {processor.py:925} INFO - DAG(s) 'dag_with_taskflow_api_v2' retrieved from /opt/airflow/dags/dag_with_taskflow_api.py
[2025-10-23T21:00:34.490+0000] {logging_mixin.py:190} INFO - [2025-10-23T21:00:34.489+0000] {dag.py:3239} INFO - Sync 1 DAGs
[2025-10-23T21:00:34.541+0000] {logging_mixin.py:190} INFO - [2025-10-23T21:00:34.540+0000] {dag.py:4180} INFO - Setting next_dagrun for dag_with_taskflow_api_v2 to 2025-10-23 00:00:00+00:00, run_after=2025-10-24 00:00:00+00:00
[2025-10-23T21:00:34.580+0000] {processor.py:208} INFO - Processing /opt/airflow/dags/dag_with_taskflow_api.py took 0.167 seconds
[2025-10-23T21:01:05.049+0000] {processor.py:186} INFO - Started process (PID=2836) to work on /opt/airflow/dags/dag_with_taskflow_api.py
[2025-10-23T21:01:05.051+0000] {processor.py:914} INFO - Processing file /opt/airflow/dags/dag_with_taskflow_api.py for tasks to queue
[2025-10-23T21:01:05.053+0000] {logging_mixin.py:190} INFO - [2025-10-23T21:01:05.053+0000] {dagbag.py:588} INFO - Filling up the DagBag from /opt/airflow/dags/dag_with_taskflow_api.py
[2025-10-23T21:01:05.072+0000] {processor.py:925} INFO - DAG(s) 'dag_with_taskflow_api_v2' retrieved from /opt/airflow/dags/dag_with_taskflow_api.py
[2025-10-23T21:01:05.108+0000] {logging_mixin.py:190} INFO - [2025-10-23T21:01:05.108+0000] {dag.py:3239} INFO - Sync 1 DAGs
[2025-10-23T21:01:05.139+0000] {logging_mixin.py:190} INFO - [2025-10-23T21:01:05.139+0000] {dag.py:4180} INFO - Setting next_dagrun for dag_with_taskflow_api_v2 to 2025-10-23 00:00:00+00:00, run_after=2025-10-24 00:00:00+00:00
[2025-10-23T21:01:05.172+0000] {processor.py:208} INFO - Processing /opt/airflow/dags/dag_with_taskflow_api.py took 0.130 seconds
[2025-10-23T21:01:35.648+0000] {processor.py:186} INFO - Started process (PID=2845) to work on /opt/airflow/dags/dag_with_taskflow_api.py
[2025-10-23T21:01:35.649+0000] {processor.py:914} INFO - Processing file /opt/airflow/dags/dag_with_taskflow_api.py for tasks to queue
[2025-10-23T21:01:35.651+0000] {logging_mixin.py:190} INFO - [2025-10-23T21:01:35.650+0000] {dagbag.py:588} INFO - Filling up the DagBag from /opt/airflow/dags/dag_with_taskflow_api.py
[2025-10-23T21:01:35.671+0000] {processor.py:925} INFO - DAG(s) 'dag_with_taskflow_api_v2' retrieved from /opt/airflow/dags/dag_with_taskflow_api.py
[2025-10-23T21:01:35.698+0000] {logging_mixin.py:190} INFO - [2025-10-23T21:01:35.698+0000] {dag.py:3239} INFO - Sync 1 DAGs
[2025-10-23T21:01:35.724+0000] {logging_mixin.py:190} INFO - [2025-10-23T21:01:35.724+0000] {dag.py:4180} INFO - Setting next_dagrun for dag_with_taskflow_api_v2 to 2025-10-23 00:00:00+00:00, run_after=2025-10-24 00:00:00+00:00
[2025-10-23T21:01:35.748+0000] {processor.py:208} INFO - Processing /opt/airflow/dags/dag_with_taskflow_api.py took 0.106 seconds
[2025-10-23T21:02:06.214+0000] {processor.py:186} INFO - Started process (PID=2854) to work on /opt/airflow/dags/dag_with_taskflow_api.py
[2025-10-23T21:02:06.215+0000] {processor.py:914} INFO - Processing file /opt/airflow/dags/dag_with_taskflow_api.py for tasks to queue
[2025-10-23T21:02:06.217+0000] {logging_mixin.py:190} INFO - [2025-10-23T21:02:06.217+0000] {dagbag.py:588} INFO - Filling up the DagBag from /opt/airflow/dags/dag_with_taskflow_api.py
[2025-10-23T21:02:06.244+0000] {processor.py:925} INFO - DAG(s) 'dag_with_taskflow_api_v2' retrieved from /opt/airflow/dags/dag_with_taskflow_api.py
[2025-10-23T21:02:06.280+0000] {logging_mixin.py:190} INFO - [2025-10-23T21:02:06.279+0000] {dag.py:3239} INFO - Sync 1 DAGs
[2025-10-23T21:02:06.305+0000] {logging_mixin.py:190} INFO - [2025-10-23T21:02:06.305+0000] {dag.py:4180} INFO - Setting next_dagrun for dag_with_taskflow_api_v2 to 2025-10-23 00:00:00+00:00, run_after=2025-10-24 00:00:00+00:00
[2025-10-23T21:02:06.344+0000] {processor.py:208} INFO - Processing /opt/airflow/dags/dag_with_taskflow_api.py took 0.137 seconds
[2025-10-23T21:02:36.744+0000] {processor.py:186} INFO - Started process (PID=2863) to work on /opt/airflow/dags/dag_with_taskflow_api.py
[2025-10-23T21:02:36.746+0000] {processor.py:914} INFO - Processing file /opt/airflow/dags/dag_with_taskflow_api.py for tasks to queue
[2025-10-23T21:02:36.749+0000] {logging_mixin.py:190} INFO - [2025-10-23T21:02:36.749+0000] {dagbag.py:588} INFO - Filling up the DagBag from /opt/airflow/dags/dag_with_taskflow_api.py
[2025-10-23T21:02:36.770+0000] {processor.py:925} INFO - DAG(s) 'dag_with_taskflow_api_v2' retrieved from /opt/airflow/dags/dag_with_taskflow_api.py
[2025-10-23T21:02:36.805+0000] {logging_mixin.py:190} INFO - [2025-10-23T21:02:36.804+0000] {dag.py:3239} INFO - Sync 1 DAGs
[2025-10-23T21:02:36.832+0000] {logging_mixin.py:190} INFO - [2025-10-23T21:02:36.832+0000] {dag.py:4180} INFO - Setting next_dagrun for dag_with_taskflow_api_v2 to 2025-10-23 00:00:00+00:00, run_after=2025-10-24 00:00:00+00:00
[2025-10-23T21:02:36.861+0000] {processor.py:208} INFO - Processing /opt/airflow/dags/dag_with_taskflow_api.py took 0.125 seconds
[2025-10-23T21:03:07.321+0000] {processor.py:186} INFO - Started process (PID=2872) to work on /opt/airflow/dags/dag_with_taskflow_api.py
[2025-10-23T21:03:07.323+0000] {processor.py:914} INFO - Processing file /opt/airflow/dags/dag_with_taskflow_api.py for tasks to queue
[2025-10-23T21:03:07.326+0000] {logging_mixin.py:190} INFO - [2025-10-23T21:03:07.325+0000] {dagbag.py:588} INFO - Filling up the DagBag from /opt/airflow/dags/dag_with_taskflow_api.py
[2025-10-23T21:03:07.355+0000] {processor.py:925} INFO - DAG(s) 'dag_with_taskflow_api_v2' retrieved from /opt/airflow/dags/dag_with_taskflow_api.py
[2025-10-23T21:03:07.386+0000] {logging_mixin.py:190} INFO - [2025-10-23T21:03:07.386+0000] {dag.py:3239} INFO - Sync 1 DAGs
[2025-10-23T21:03:07.416+0000] {logging_mixin.py:190} INFO - [2025-10-23T21:03:07.415+0000] {dag.py:4180} INFO - Setting next_dagrun for dag_with_taskflow_api_v2 to 2025-10-23 00:00:00+00:00, run_after=2025-10-24 00:00:00+00:00
[2025-10-23T21:03:07.446+0000] {processor.py:208} INFO - Processing /opt/airflow/dags/dag_with_taskflow_api.py took 0.133 seconds
[2025-10-23T21:03:37.847+0000] {processor.py:186} INFO - Started process (PID=2881) to work on /opt/airflow/dags/dag_with_taskflow_api.py
[2025-10-23T21:03:37.848+0000] {processor.py:914} INFO - Processing file /opt/airflow/dags/dag_with_taskflow_api.py for tasks to queue
[2025-10-23T21:03:37.851+0000] {logging_mixin.py:190} INFO - [2025-10-23T21:03:37.850+0000] {dagbag.py:588} INFO - Filling up the DagBag from /opt/airflow/dags/dag_with_taskflow_api.py
[2025-10-23T21:03:37.869+0000] {processor.py:925} INFO - DAG(s) 'dag_with_taskflow_api_v2' retrieved from /opt/airflow/dags/dag_with_taskflow_api.py
[2025-10-23T21:03:37.896+0000] {logging_mixin.py:190} INFO - [2025-10-23T21:03:37.896+0000] {dag.py:3239} INFO - Sync 1 DAGs
[2025-10-23T21:03:37.921+0000] {logging_mixin.py:190} INFO - [2025-10-23T21:03:37.921+0000] {dag.py:4180} INFO - Setting next_dagrun for dag_with_taskflow_api_v2 to 2025-10-23 00:00:00+00:00, run_after=2025-10-24 00:00:00+00:00
[2025-10-23T21:03:37.945+0000] {processor.py:208} INFO - Processing /opt/airflow/dags/dag_with_taskflow_api.py took 0.105 seconds
[2025-10-23T21:04:08.429+0000] {processor.py:186} INFO - Started process (PID=2890) to work on /opt/airflow/dags/dag_with_taskflow_api.py
[2025-10-23T21:04:08.430+0000] {processor.py:914} INFO - Processing file /opt/airflow/dags/dag_with_taskflow_api.py for tasks to queue
[2025-10-23T21:04:08.431+0000] {logging_mixin.py:190} INFO - [2025-10-23T21:04:08.431+0000] {dagbag.py:588} INFO - Filling up the DagBag from /opt/airflow/dags/dag_with_taskflow_api.py
[2025-10-23T21:04:08.459+0000] {processor.py:925} INFO - DAG(s) 'dag_with_taskflow_api_v2' retrieved from /opt/airflow/dags/dag_with_taskflow_api.py
[2025-10-23T21:04:08.490+0000] {logging_mixin.py:190} INFO - [2025-10-23T21:04:08.490+0000] {dag.py:3239} INFO - Sync 1 DAGs
[2025-10-23T21:04:08.517+0000] {logging_mixin.py:190} INFO - [2025-10-23T21:04:08.517+0000] {dag.py:4180} INFO - Setting next_dagrun for dag_with_taskflow_api_v2 to 2025-10-23 00:00:00+00:00, run_after=2025-10-24 00:00:00+00:00
[2025-10-23T21:04:08.538+0000] {processor.py:208} INFO - Processing /opt/airflow/dags/dag_with_taskflow_api.py took 0.116 seconds
[2025-10-23T21:04:38.963+0000] {processor.py:186} INFO - Started process (PID=2900) to work on /opt/airflow/dags/dag_with_taskflow_api.py
[2025-10-23T21:04:38.964+0000] {processor.py:914} INFO - Processing file /opt/airflow/dags/dag_with_taskflow_api.py for tasks to queue
[2025-10-23T21:04:38.966+0000] {logging_mixin.py:190} INFO - [2025-10-23T21:04:38.965+0000] {dagbag.py:588} INFO - Filling up the DagBag from /opt/airflow/dags/dag_with_taskflow_api.py
[2025-10-23T21:04:38.984+0000] {processor.py:925} INFO - DAG(s) 'dag_with_taskflow_api_v2' retrieved from /opt/airflow/dags/dag_with_taskflow_api.py
[2025-10-23T21:04:39.012+0000] {logging_mixin.py:190} INFO - [2025-10-23T21:04:39.012+0000] {dag.py:3239} INFO - Sync 1 DAGs
[2025-10-23T21:04:39.037+0000] {logging_mixin.py:190} INFO - [2025-10-23T21:04:39.036+0000] {dag.py:4180} INFO - Setting next_dagrun for dag_with_taskflow_api_v2 to 2025-10-23 00:00:00+00:00, run_after=2025-10-24 00:00:00+00:00
[2025-10-23T21:04:39.068+0000] {processor.py:208} INFO - Processing /opt/airflow/dags/dag_with_taskflow_api.py took 0.111 seconds
[2025-10-23T21:05:09.469+0000] {processor.py:186} INFO - Started process (PID=2909) to work on /opt/airflow/dags/dag_with_taskflow_api.py
[2025-10-23T21:05:09.471+0000] {processor.py:914} INFO - Processing file /opt/airflow/dags/dag_with_taskflow_api.py for tasks to queue
[2025-10-23T21:05:09.474+0000] {logging_mixin.py:190} INFO - [2025-10-23T21:05:09.473+0000] {dagbag.py:588} INFO - Filling up the DagBag from /opt/airflow/dags/dag_with_taskflow_api.py
[2025-10-23T21:05:09.495+0000] {processor.py:925} INFO - DAG(s) 'dag_with_taskflow_api_v2' retrieved from /opt/airflow/dags/dag_with_taskflow_api.py
[2025-10-23T21:05:09.526+0000] {logging_mixin.py:190} INFO - [2025-10-23T21:05:09.526+0000] {dag.py:3239} INFO - Sync 1 DAGs
[2025-10-23T21:05:09.553+0000] {logging_mixin.py:190} INFO - [2025-10-23T21:05:09.553+0000] {dag.py:4180} INFO - Setting next_dagrun for dag_with_taskflow_api_v2 to 2025-10-23 00:00:00+00:00, run_after=2025-10-24 00:00:00+00:00
[2025-10-23T21:05:09.583+0000] {processor.py:208} INFO - Processing /opt/airflow/dags/dag_with_taskflow_api.py took 0.122 seconds
[2025-10-23T21:05:40.039+0000] {processor.py:186} INFO - Started process (PID=2924) to work on /opt/airflow/dags/dag_with_taskflow_api.py
[2025-10-23T21:05:40.040+0000] {processor.py:914} INFO - Processing file /opt/airflow/dags/dag_with_taskflow_api.py for tasks to queue
[2025-10-23T21:05:40.042+0000] {logging_mixin.py:190} INFO - [2025-10-23T21:05:40.041+0000] {dagbag.py:588} INFO - Filling up the DagBag from /opt/airflow/dags/dag_with_taskflow_api.py
[2025-10-23T21:05:40.063+0000] {processor.py:925} INFO - DAG(s) 'dag_with_taskflow_api_v2' retrieved from /opt/airflow/dags/dag_with_taskflow_api.py
[2025-10-23T21:05:40.096+0000] {logging_mixin.py:190} INFO - [2025-10-23T21:05:40.096+0000] {dag.py:3239} INFO - Sync 1 DAGs
[2025-10-23T21:05:40.127+0000] {logging_mixin.py:190} INFO - [2025-10-23T21:05:40.127+0000] {dag.py:4180} INFO - Setting next_dagrun for dag_with_taskflow_api_v2 to 2025-10-23 00:00:00+00:00, run_after=2025-10-24 00:00:00+00:00
[2025-10-23T21:05:40.154+0000] {processor.py:208} INFO - Processing /opt/airflow/dags/dag_with_taskflow_api.py took 0.122 seconds
[2025-10-23T21:06:10.662+0000] {processor.py:186} INFO - Started process (PID=2933) to work on /opt/airflow/dags/dag_with_taskflow_api.py
[2025-10-23T21:06:10.664+0000] {processor.py:914} INFO - Processing file /opt/airflow/dags/dag_with_taskflow_api.py for tasks to queue
[2025-10-23T21:06:10.666+0000] {logging_mixin.py:190} INFO - [2025-10-23T21:06:10.665+0000] {dagbag.py:588} INFO - Filling up the DagBag from /opt/airflow/dags/dag_with_taskflow_api.py
[2025-10-23T21:06:10.697+0000] {processor.py:925} INFO - DAG(s) 'dag_with_taskflow_api_v2' retrieved from /opt/airflow/dags/dag_with_taskflow_api.py
[2025-10-23T21:06:10.739+0000] {logging_mixin.py:190} INFO - [2025-10-23T21:06:10.739+0000] {dag.py:3239} INFO - Sync 1 DAGs
[2025-10-23T21:06:10.767+0000] {logging_mixin.py:190} INFO - [2025-10-23T21:06:10.767+0000] {dag.py:4180} INFO - Setting next_dagrun for dag_with_taskflow_api_v2 to 2025-10-23 00:00:00+00:00, run_after=2025-10-24 00:00:00+00:00
[2025-10-23T21:06:10.800+0000] {processor.py:208} INFO - Processing /opt/airflow/dags/dag_with_taskflow_api.py took 0.146 seconds
[2025-10-23T21:06:41.224+0000] {processor.py:186} INFO - Started process (PID=2942) to work on /opt/airflow/dags/dag_with_taskflow_api.py
[2025-10-23T21:06:41.225+0000] {processor.py:914} INFO - Processing file /opt/airflow/dags/dag_with_taskflow_api.py for tasks to queue
[2025-10-23T21:06:41.227+0000] {logging_mixin.py:190} INFO - [2025-10-23T21:06:41.227+0000] {dagbag.py:588} INFO - Filling up the DagBag from /opt/airflow/dags/dag_with_taskflow_api.py
[2025-10-23T21:06:41.252+0000] {processor.py:925} INFO - DAG(s) 'dag_with_taskflow_api_v2' retrieved from /opt/airflow/dags/dag_with_taskflow_api.py
[2025-10-23T21:06:41.289+0000] {logging_mixin.py:190} INFO - [2025-10-23T21:06:41.289+0000] {dag.py:3239} INFO - Sync 1 DAGs
[2025-10-23T21:06:41.325+0000] {logging_mixin.py:190} INFO - [2025-10-23T21:06:41.325+0000] {dag.py:4180} INFO - Setting next_dagrun for dag_with_taskflow_api_v2 to 2025-10-23 00:00:00+00:00, run_after=2025-10-24 00:00:00+00:00
[2025-10-23T21:06:41.350+0000] {processor.py:208} INFO - Processing /opt/airflow/dags/dag_with_taskflow_api.py took 0.134 seconds
[2025-10-23T21:07:11.757+0000] {processor.py:186} INFO - Started process (PID=2951) to work on /opt/airflow/dags/dag_with_taskflow_api.py
[2025-10-23T21:07:11.758+0000] {processor.py:914} INFO - Processing file /opt/airflow/dags/dag_with_taskflow_api.py for tasks to queue
[2025-10-23T21:07:11.759+0000] {logging_mixin.py:190} INFO - [2025-10-23T21:07:11.759+0000] {dagbag.py:588} INFO - Filling up the DagBag from /opt/airflow/dags/dag_with_taskflow_api.py
[2025-10-23T21:07:11.779+0000] {processor.py:925} INFO - DAG(s) 'dag_with_taskflow_api_v2' retrieved from /opt/airflow/dags/dag_with_taskflow_api.py
[2025-10-23T21:07:11.807+0000] {logging_mixin.py:190} INFO - [2025-10-23T21:07:11.806+0000] {dag.py:3239} INFO - Sync 1 DAGs
[2025-10-23T21:07:11.832+0000] {logging_mixin.py:190} INFO - [2025-10-23T21:07:11.832+0000] {dag.py:4180} INFO - Setting next_dagrun for dag_with_taskflow_api_v2 to 2025-10-23 00:00:00+00:00, run_after=2025-10-24 00:00:00+00:00
[2025-10-23T21:07:11.864+0000] {processor.py:208} INFO - Processing /opt/airflow/dags/dag_with_taskflow_api.py took 0.113 seconds
[2025-10-23T21:07:42.322+0000] {processor.py:186} INFO - Started process (PID=2960) to work on /opt/airflow/dags/dag_with_taskflow_api.py
[2025-10-23T21:07:42.323+0000] {processor.py:914} INFO - Processing file /opt/airflow/dags/dag_with_taskflow_api.py for tasks to queue
[2025-10-23T21:07:42.325+0000] {logging_mixin.py:190} INFO - [2025-10-23T21:07:42.325+0000] {dagbag.py:588} INFO - Filling up the DagBag from /opt/airflow/dags/dag_with_taskflow_api.py
[2025-10-23T21:07:42.344+0000] {processor.py:925} INFO - DAG(s) 'dag_with_taskflow_api_v2' retrieved from /opt/airflow/dags/dag_with_taskflow_api.py
[2025-10-23T21:07:42.372+0000] {logging_mixin.py:190} INFO - [2025-10-23T21:07:42.372+0000] {dag.py:3239} INFO - Sync 1 DAGs
[2025-10-23T21:07:42.398+0000] {logging_mixin.py:190} INFO - [2025-10-23T21:07:42.398+0000] {dag.py:4180} INFO - Setting next_dagrun for dag_with_taskflow_api_v2 to 2025-10-23 00:00:00+00:00, run_after=2025-10-24 00:00:00+00:00
[2025-10-23T21:07:42.423+0000] {processor.py:208} INFO - Processing /opt/airflow/dags/dag_with_taskflow_api.py took 0.107 seconds
[2025-10-23T21:08:12.816+0000] {processor.py:186} INFO - Started process (PID=2969) to work on /opt/airflow/dags/dag_with_taskflow_api.py
[2025-10-23T21:08:12.818+0000] {processor.py:914} INFO - Processing file /opt/airflow/dags/dag_with_taskflow_api.py for tasks to queue
[2025-10-23T21:08:12.821+0000] {logging_mixin.py:190} INFO - [2025-10-23T21:08:12.821+0000] {dagbag.py:588} INFO - Filling up the DagBag from /opt/airflow/dags/dag_with_taskflow_api.py
[2025-10-23T21:08:12.841+0000] {processor.py:925} INFO - DAG(s) 'dag_with_taskflow_api_v2' retrieved from /opt/airflow/dags/dag_with_taskflow_api.py
[2025-10-23T21:08:12.876+0000] {logging_mixin.py:190} INFO - [2025-10-23T21:08:12.875+0000] {dag.py:3239} INFO - Sync 1 DAGs
[2025-10-23T21:08:12.907+0000] {logging_mixin.py:190} INFO - [2025-10-23T21:08:12.907+0000] {dag.py:4180} INFO - Setting next_dagrun for dag_with_taskflow_api_v2 to 2025-10-23 00:00:00+00:00, run_after=2025-10-24 00:00:00+00:00
[2025-10-23T21:08:12.942+0000] {processor.py:208} INFO - Processing /opt/airflow/dags/dag_with_taskflow_api.py took 0.136 seconds
[2025-10-23T21:08:43.103+0000] {processor.py:186} INFO - Started process (PID=2978) to work on /opt/airflow/dags/dag_with_taskflow_api.py
[2025-10-23T21:08:43.104+0000] {processor.py:914} INFO - Processing file /opt/airflow/dags/dag_with_taskflow_api.py for tasks to queue
[2025-10-23T21:08:43.106+0000] {logging_mixin.py:190} INFO - [2025-10-23T21:08:43.106+0000] {dagbag.py:588} INFO - Filling up the DagBag from /opt/airflow/dags/dag_with_taskflow_api.py
[2025-10-23T21:08:43.128+0000] {processor.py:925} INFO - DAG(s) 'dag_with_taskflow_api_v2' retrieved from /opt/airflow/dags/dag_with_taskflow_api.py
[2025-10-23T21:08:43.164+0000] {logging_mixin.py:190} INFO - [2025-10-23T21:08:43.164+0000] {dag.py:3239} INFO - Sync 1 DAGs
[2025-10-23T21:08:43.193+0000] {logging_mixin.py:190} INFO - [2025-10-23T21:08:43.193+0000] {dag.py:4180} INFO - Setting next_dagrun for dag_with_taskflow_api_v2 to 2025-10-23 00:00:00+00:00, run_after=2025-10-24 00:00:00+00:00
[2025-10-23T21:08:43.227+0000] {processor.py:208} INFO - Processing /opt/airflow/dags/dag_with_taskflow_api.py took 0.133 seconds
[2025-10-23T21:09:13.636+0000] {processor.py:186} INFO - Started process (PID=2987) to work on /opt/airflow/dags/dag_with_taskflow_api.py
[2025-10-23T21:09:13.637+0000] {processor.py:914} INFO - Processing file /opt/airflow/dags/dag_with_taskflow_api.py for tasks to queue
[2025-10-23T21:09:13.639+0000] {logging_mixin.py:190} INFO - [2025-10-23T21:09:13.639+0000] {dagbag.py:588} INFO - Filling up the DagBag from /opt/airflow/dags/dag_with_taskflow_api.py
[2025-10-23T21:09:13.660+0000] {processor.py:925} INFO - DAG(s) 'dag_with_taskflow_api_v2' retrieved from /opt/airflow/dags/dag_with_taskflow_api.py
[2025-10-23T21:09:13.690+0000] {logging_mixin.py:190} INFO - [2025-10-23T21:09:13.690+0000] {dag.py:3239} INFO - Sync 1 DAGs
[2025-10-23T21:09:13.718+0000] {logging_mixin.py:190} INFO - [2025-10-23T21:09:13.718+0000] {dag.py:4180} INFO - Setting next_dagrun for dag_with_taskflow_api_v2 to 2025-10-23 00:00:00+00:00, run_after=2025-10-24 00:00:00+00:00
[2025-10-23T21:09:13.757+0000] {processor.py:208} INFO - Processing /opt/airflow/dags/dag_with_taskflow_api.py took 0.127 seconds
[2025-10-23T21:09:44.217+0000] {processor.py:186} INFO - Started process (PID=2996) to work on /opt/airflow/dags/dag_with_taskflow_api.py
[2025-10-23T21:09:44.218+0000] {processor.py:914} INFO - Processing file /opt/airflow/dags/dag_with_taskflow_api.py for tasks to queue
[2025-10-23T21:09:44.220+0000] {logging_mixin.py:190} INFO - [2025-10-23T21:09:44.220+0000] {dagbag.py:588} INFO - Filling up the DagBag from /opt/airflow/dags/dag_with_taskflow_api.py
[2025-10-23T21:09:44.239+0000] {processor.py:925} INFO - DAG(s) 'dag_with_taskflow_api_v2' retrieved from /opt/airflow/dags/dag_with_taskflow_api.py
[2025-10-23T21:09:44.280+0000] {logging_mixin.py:190} INFO - [2025-10-23T21:09:44.279+0000] {dag.py:3239} INFO - Sync 1 DAGs
[2025-10-23T21:09:44.308+0000] {logging_mixin.py:190} INFO - [2025-10-23T21:09:44.308+0000] {dag.py:4180} INFO - Setting next_dagrun for dag_with_taskflow_api_v2 to 2025-10-23 00:00:00+00:00, run_after=2025-10-24 00:00:00+00:00
[2025-10-23T21:09:44.345+0000] {processor.py:208} INFO - Processing /opt/airflow/dags/dag_with_taskflow_api.py took 0.137 seconds
[2025-10-23T21:10:14.808+0000] {processor.py:186} INFO - Started process (PID=3005) to work on /opt/airflow/dags/dag_with_taskflow_api.py
[2025-10-23T21:10:14.809+0000] {processor.py:914} INFO - Processing file /opt/airflow/dags/dag_with_taskflow_api.py for tasks to queue
[2025-10-23T21:10:14.810+0000] {logging_mixin.py:190} INFO - [2025-10-23T21:10:14.810+0000] {dagbag.py:588} INFO - Filling up the DagBag from /opt/airflow/dags/dag_with_taskflow_api.py
[2025-10-23T21:10:14.831+0000] {processor.py:925} INFO - DAG(s) 'dag_with_taskflow_api_v2' retrieved from /opt/airflow/dags/dag_with_taskflow_api.py
[2025-10-23T21:10:14.859+0000] {logging_mixin.py:190} INFO - [2025-10-23T21:10:14.859+0000] {dag.py:3239} INFO - Sync 1 DAGs
[2025-10-23T21:10:14.885+0000] {logging_mixin.py:190} INFO - [2025-10-23T21:10:14.885+0000] {dag.py:4180} INFO - Setting next_dagrun for dag_with_taskflow_api_v2 to 2025-10-23 00:00:00+00:00, run_after=2025-10-24 00:00:00+00:00
[2025-10-23T21:10:14.917+0000] {processor.py:208} INFO - Processing /opt/airflow/dags/dag_with_taskflow_api.py took 0.115 seconds
[2025-10-23T21:10:45.429+0000] {processor.py:186} INFO - Started process (PID=3014) to work on /opt/airflow/dags/dag_with_taskflow_api.py
[2025-10-23T21:10:45.431+0000] {processor.py:914} INFO - Processing file /opt/airflow/dags/dag_with_taskflow_api.py for tasks to queue
[2025-10-23T21:10:45.432+0000] {logging_mixin.py:190} INFO - [2025-10-23T21:10:45.432+0000] {dagbag.py:588} INFO - Filling up the DagBag from /opt/airflow/dags/dag_with_taskflow_api.py
[2025-10-23T21:10:45.457+0000] {processor.py:925} INFO - DAG(s) 'dag_with_taskflow_api_v2' retrieved from /opt/airflow/dags/dag_with_taskflow_api.py
[2025-10-23T21:10:45.490+0000] {logging_mixin.py:190} INFO - [2025-10-23T21:10:45.489+0000] {dag.py:3239} INFO - Sync 1 DAGs
[2025-10-23T21:10:45.519+0000] {logging_mixin.py:190} INFO - [2025-10-23T21:10:45.518+0000] {dag.py:4180} INFO - Setting next_dagrun for dag_with_taskflow_api_v2 to 2025-10-23 00:00:00+00:00, run_after=2025-10-24 00:00:00+00:00
[2025-10-23T21:10:45.555+0000] {processor.py:208} INFO - Processing /opt/airflow/dags/dag_with_taskflow_api.py took 0.132 seconds
[2025-10-23T21:11:16.094+0000] {processor.py:186} INFO - Started process (PID=3023) to work on /opt/airflow/dags/dag_with_taskflow_api.py
[2025-10-23T21:11:16.095+0000] {processor.py:914} INFO - Processing file /opt/airflow/dags/dag_with_taskflow_api.py for tasks to queue
[2025-10-23T21:11:16.096+0000] {logging_mixin.py:190} INFO - [2025-10-23T21:11:16.096+0000] {dagbag.py:588} INFO - Filling up the DagBag from /opt/airflow/dags/dag_with_taskflow_api.py
[2025-10-23T21:11:16.116+0000] {processor.py:925} INFO - DAG(s) 'dag_with_taskflow_api_v2' retrieved from /opt/airflow/dags/dag_with_taskflow_api.py
[2025-10-23T21:11:16.144+0000] {logging_mixin.py:190} INFO - [2025-10-23T21:11:16.144+0000] {dag.py:3239} INFO - Sync 1 DAGs
[2025-10-23T21:11:16.169+0000] {logging_mixin.py:190} INFO - [2025-10-23T21:11:16.169+0000] {dag.py:4180} INFO - Setting next_dagrun for dag_with_taskflow_api_v2 to 2025-10-23 00:00:00+00:00, run_after=2025-10-24 00:00:00+00:00
[2025-10-23T21:11:16.200+0000] {processor.py:208} INFO - Processing /opt/airflow/dags/dag_with_taskflow_api.py took 0.113 seconds
[2025-10-23T21:11:46.620+0000] {processor.py:186} INFO - Started process (PID=3032) to work on /opt/airflow/dags/dag_with_taskflow_api.py
[2025-10-23T21:11:46.621+0000] {processor.py:914} INFO - Processing file /opt/airflow/dags/dag_with_taskflow_api.py for tasks to queue
[2025-10-23T21:11:46.624+0000] {logging_mixin.py:190} INFO - [2025-10-23T21:11:46.624+0000] {dagbag.py:588} INFO - Filling up the DagBag from /opt/airflow/dags/dag_with_taskflow_api.py
[2025-10-23T21:11:46.646+0000] {processor.py:925} INFO - DAG(s) 'dag_with_taskflow_api_v2' retrieved from /opt/airflow/dags/dag_with_taskflow_api.py
[2025-10-23T21:11:46.672+0000] {logging_mixin.py:190} INFO - [2025-10-23T21:11:46.671+0000] {dag.py:3239} INFO - Sync 1 DAGs
[2025-10-23T21:11:46.694+0000] {logging_mixin.py:190} INFO - [2025-10-23T21:11:46.694+0000] {dag.py:4180} INFO - Setting next_dagrun for dag_with_taskflow_api_v2 to 2025-10-23 00:00:00+00:00, run_after=2025-10-24 00:00:00+00:00
[2025-10-23T21:11:46.723+0000] {processor.py:208} INFO - Processing /opt/airflow/dags/dag_with_taskflow_api.py took 0.111 seconds
[2025-10-23T21:12:17.221+0000] {processor.py:186} INFO - Started process (PID=3041) to work on /opt/airflow/dags/dag_with_taskflow_api.py
[2025-10-23T21:12:17.222+0000] {processor.py:914} INFO - Processing file /opt/airflow/dags/dag_with_taskflow_api.py for tasks to queue
[2025-10-23T21:12:17.224+0000] {logging_mixin.py:190} INFO - [2025-10-23T21:12:17.223+0000] {dagbag.py:588} INFO - Filling up the DagBag from /opt/airflow/dags/dag_with_taskflow_api.py
[2025-10-23T21:12:17.245+0000] {processor.py:925} INFO - DAG(s) 'dag_with_taskflow_api_v2' retrieved from /opt/airflow/dags/dag_with_taskflow_api.py
[2025-10-23T21:12:17.271+0000] {logging_mixin.py:190} INFO - [2025-10-23T21:12:17.271+0000] {dag.py:3239} INFO - Sync 1 DAGs
[2025-10-23T21:12:17.294+0000] {logging_mixin.py:190} INFO - [2025-10-23T21:12:17.294+0000] {dag.py:4180} INFO - Setting next_dagrun for dag_with_taskflow_api_v2 to 2025-10-23 00:00:00+00:00, run_after=2025-10-24 00:00:00+00:00
[2025-10-23T21:12:17.327+0000] {processor.py:208} INFO - Processing /opt/airflow/dags/dag_with_taskflow_api.py took 0.112 seconds
[2025-10-23T21:12:47.769+0000] {processor.py:186} INFO - Started process (PID=3050) to work on /opt/airflow/dags/dag_with_taskflow_api.py
[2025-10-23T21:12:47.771+0000] {processor.py:914} INFO - Processing file /opt/airflow/dags/dag_with_taskflow_api.py for tasks to queue
[2025-10-23T21:12:47.773+0000] {logging_mixin.py:190} INFO - [2025-10-23T21:12:47.772+0000] {dagbag.py:588} INFO - Filling up the DagBag from /opt/airflow/dags/dag_with_taskflow_api.py
[2025-10-23T21:12:47.795+0000] {processor.py:925} INFO - DAG(s) 'dag_with_taskflow_api_v2' retrieved from /opt/airflow/dags/dag_with_taskflow_api.py
[2025-10-23T21:12:47.825+0000] {logging_mixin.py:190} INFO - [2025-10-23T21:12:47.825+0000] {dag.py:3239} INFO - Sync 1 DAGs
[2025-10-23T21:12:47.857+0000] {logging_mixin.py:190} INFO - [2025-10-23T21:12:47.856+0000] {dag.py:4180} INFO - Setting next_dagrun for dag_with_taskflow_api_v2 to 2025-10-23 00:00:00+00:00, run_after=2025-10-24 00:00:00+00:00
[2025-10-23T21:12:47.880+0000] {processor.py:208} INFO - Processing /opt/airflow/dags/dag_with_taskflow_api.py took 0.118 seconds
